mode: set
/usr/local/google/home/tulsishah/gcsfuse/internal/gcsx/multi_range_downloader_wrapper.go:37.116,39.2 1 1
/usr/local/google/home/tulsishah/gcsfuse/internal/gcsx/multi_range_downloader_wrapper.go:41.144,42.19 1 1
/usr/local/google/home/tulsishah/gcsfuse/internal/gcsx/multi_range_downloader_wrapper.go:42.19,44.3 1 1
/usr/local/google/home/tulsishah/gcsfuse/internal/gcsx/multi_range_downloader_wrapper.go:47.2,51.8 1 1
/usr/local/google/home/tulsishah/gcsfuse/internal/gcsx/multi_range_downloader_wrapper.go:79.90,80.19 1 1
/usr/local/google/home/tulsishah/gcsfuse/internal/gcsx/multi_range_downloader_wrapper.go:80.19,82.3 1 1
/usr/local/google/home/tulsishah/gcsfuse/internal/gcsx/multi_range_downloader_wrapper.go:83.2,84.12 2 1
/usr/local/google/home/tulsishah/gcsfuse/internal/gcsx/multi_range_downloader_wrapper.go:88.78,90.2 1 0
/usr/local/google/home/tulsishah/gcsfuse/internal/gcsx/multi_range_downloader_wrapper.go:93.66,97.2 3 1
/usr/local/google/home/tulsishah/gcsfuse/internal/gcsx/multi_range_downloader_wrapper.go:102.68,107.37 4 1
/usr/local/google/home/tulsishah/gcsfuse/internal/gcsx/multi_range_downloader_wrapper.go:107.37,110.3 2 0
/usr/local/google/home/tulsishah/gcsfuse/internal/gcsx/multi_range_downloader_wrapper.go:117.80,121.30 3 1
/usr/local/google/home/tulsishah/gcsfuse/internal/gcsx/multi_range_downloader_wrapper.go:121.30,124.3 2 1
/usr/local/google/home/tulsishah/gcsfuse/internal/gcsx/multi_range_downloader_wrapper.go:126.2,127.59 2 1
/usr/local/google/home/tulsishah/gcsfuse/internal/gcsx/multi_range_downloader_wrapper.go:127.59,132.3 2 1
/usr/local/google/home/tulsishah/gcsfuse/internal/gcsx/multi_range_downloader_wrapper.go:133.2,133.8 1 1
/usr/local/google/home/tulsishah/gcsfuse/internal/gcsx/multi_range_downloader_wrapper.go:138.78,139.40 1 0
/usr/local/google/home/tulsishah/gcsfuse/internal/gcsx/multi_range_downloader_wrapper.go:139.40,140.10 1 0
/usr/local/google/home/tulsishah/gcsfuse/internal/gcsx/multi_range_downloader_wrapper.go:141.62,145.61 3 0
/usr/local/google/home/tulsishah/gcsfuse/internal/gcsx/multi_range_downloader_wrapper.go:145.61,149.5 3 0
/usr/local/google/home/tulsishah/gcsfuse/internal/gcsx/multi_range_downloader_wrapper.go:150.21,151.10 1 0
/usr/local/google/home/tulsishah/gcsfuse/internal/gcsx/multi_range_downloader_wrapper.go:155.2,157.18 3 0
/usr/local/google/home/tulsishah/gcsfuse/internal/gcsx/multi_range_downloader_wrapper.go:161.89,162.58 1 1
/usr/local/google/home/tulsishah/gcsfuse/internal/gcsx/multi_range_downloader_wrapper.go:162.58,164.3 1 1
/usr/local/google/home/tulsishah/gcsfuse/internal/gcsx/multi_range_downloader_wrapper.go:166.2,166.31 1 1
/usr/local/google/home/tulsishah/gcsfuse/internal/gcsx/multi_range_downloader_wrapper.go:166.31,173.17 3 1
/usr/local/google/home/tulsishah/gcsfuse/internal/gcsx/multi_range_downloader_wrapper.go:173.17,176.4 1 1
/usr/local/google/home/tulsishah/gcsfuse/internal/gcsx/multi_range_downloader_wrapper.go:178.2,178.8 1 1
/usr/local/google/home/tulsishah/gcsfuse/internal/gcsx/multi_range_downloader_wrapper.go:183.122,186.19 1 1
/usr/local/google/home/tulsishah/gcsfuse/internal/gcsx/multi_range_downloader_wrapper.go:186.19,188.3 1 1
/usr/local/google/home/tulsishah/gcsfuse/internal/gcsx/multi_range_downloader_wrapper.go:190.2,191.16 2 1
/usr/local/google/home/tulsishah/gcsfuse/internal/gcsx/multi_range_downloader_wrapper.go:191.16,194.3 2 1
/usr/local/google/home/tulsishah/gcsfuse/internal/gcsx/multi_range_downloader_wrapper.go:197.2,197.45 1 1
/usr/local/google/home/tulsishah/gcsfuse/internal/gcsx/multi_range_downloader_wrapper.go:197.45,199.3 1 1
/usr/local/google/home/tulsishah/gcsfuse/internal/gcsx/multi_range_downloader_wrapper.go:201.2,206.15 5 1
/usr/local/google/home/tulsishah/gcsfuse/internal/gcsx/multi_range_downloader_wrapper.go:206.15,211.3 4 1
/usr/local/google/home/tulsishah/gcsfuse/internal/gcsx/multi_range_downloader_wrapper.go:213.2,216.136 4 1
/usr/local/google/home/tulsishah/gcsfuse/internal/gcsx/multi_range_downloader_wrapper.go:216.136,217.16 1 1
/usr/local/google/home/tulsishah/gcsfuse/internal/gcsx/multi_range_downloader_wrapper.go:217.16,219.19 2 1
/usr/local/google/home/tulsishah/gcsfuse/internal/gcsx/multi_range_downloader_wrapper.go:219.19,221.5 1 1
/usr/local/google/home/tulsishah/gcsfuse/internal/gcsx/multi_range_downloader_wrapper.go:222.4,222.15 1 1
/usr/local/google/home/tulsishah/gcsfuse/internal/gcsx/multi_range_downloader_wrapper.go:225.3,225.30 1 1
/usr/local/google/home/tulsishah/gcsfuse/internal/gcsx/multi_range_downloader_wrapper.go:225.30,227.4 1 1
/usr/local/google/home/tulsishah/gcsfuse/internal/gcsx/multi_range_downloader_wrapper.go:230.2,230.9 1 1
/usr/local/google/home/tulsishah/gcsfuse/internal/gcsx/multi_range_downloader_wrapper.go:231.29,232.30 1 1
/usr/local/google/home/tulsishah/gcsfuse/internal/gcsx/multi_range_downloader_wrapper.go:233.20,234.55 1 1
/usr/local/google/home/tulsishah/gcsfuse/internal/gcsx/multi_range_downloader_wrapper.go:235.21,237.16 2 1
/usr/local/google/home/tulsishah/gcsfuse/internal/gcsx/multi_range_downloader_wrapper.go:239.2,242.16 4 1
/usr/local/google/home/tulsishah/gcsfuse/internal/gcsx/multi_range_downloader_wrapper.go:242.16,246.3 3 1
/usr/local/google/home/tulsishah/gcsfuse/internal/gcsx/multi_range_downloader_wrapper.go:247.2,248.8 2 1
/usr/local/google/home/tulsishah/gcsfuse/internal/gcsx/random_reader.go:114.240,129.2 1 1
/usr/local/google/home/tulsishah/gcsfuse/internal/gcsx/random_reader.go:185.43,187.46 1 1
/usr/local/google/home/tulsishah/gcsfuse/internal/gcsx/random_reader.go:187.46,188.80 1 0
/usr/local/google/home/tulsishah/gcsfuse/internal/gcsx/random_reader.go:192.2,192.29 1 1
/usr/local/google/home/tulsishah/gcsfuse/internal/gcsx/random_reader.go:192.29,193.71 1 0
/usr/local/google/home/tulsishah/gcsfuse/internal/gcsx/random_reader.go:197.2,197.38 1 1
/usr/local/google/home/tulsishah/gcsfuse/internal/gcsx/random_reader.go:197.38,198.77 1 0
/usr/local/google/home/tulsishah/gcsfuse/internal/gcsx/random_reader.go:220.50,222.32 1 1
/usr/local/google/home/tulsishah/gcsfuse/internal/gcsx/random_reader.go:222.32,224.3 1 1
/usr/local/google/home/tulsishah/gcsfuse/internal/gcsx/random_reader.go:227.2,236.15 6 1
/usr/local/google/home/tulsishah/gcsfuse/internal/gcsx/random_reader.go:236.15,239.17 3 1
/usr/local/google/home/tulsishah/gcsfuse/internal/gcsx/random_reader.go:239.17,241.4 1 1
/usr/local/google/home/tulsishah/gcsfuse/internal/gcsx/random_reader.go:241.9,242.33 1 1
/usr/local/google/home/tulsishah/gcsfuse/internal/gcsx/random_reader.go:242.33,244.5 1 1
/usr/local/google/home/tulsishah/gcsfuse/internal/gcsx/random_reader.go:245.4,245.95 1 1
/usr/local/google/home/tulsishah/gcsfuse/internal/gcsx/random_reader.go:249.3,252.12 3 1
/usr/local/google/home/tulsishah/gcsfuse/internal/gcsx/random_reader.go:252.12,254.4 1 1
/usr/local/google/home/tulsishah/gcsfuse/internal/gcsx/random_reader.go:255.3,255.86 1 1
/usr/local/google/home/tulsishah/gcsfuse/internal/gcsx/random_reader.go:259.2,259.31 1 1
/usr/local/google/home/tulsishah/gcsfuse/internal/gcsx/random_reader.go:259.31,261.17 2 1
/usr/local/google/home/tulsishah/gcsfuse/internal/gcsx/random_reader.go:261.17,263.67 1 1
/usr/local/google/home/tulsishah/gcsfuse/internal/gcsx/random_reader.go:263.67,266.5 2 0
/usr/local/google/home/tulsishah/gcsfuse/internal/gcsx/random_reader.go:266.10,266.97 1 1
/usr/local/google/home/tulsishah/gcsfuse/internal/gcsx/random_reader.go:266.97,271.5 2 1
/usr/local/google/home/tulsishah/gcsfuse/internal/gcsx/random_reader.go:273.4,273.104 1 1
/usr/local/google/home/tulsishah/gcsfuse/internal/gcsx/random_reader.go:277.2,278.16 2 1
/usr/local/google/home/tulsishah/gcsfuse/internal/gcsx/random_reader.go:278.16,280.3 1 1
/usr/local/google/home/tulsishah/gcsfuse/internal/gcsx/random_reader.go:282.2,285.41 3 1
/usr/local/google/home/tulsishah/gcsfuse/internal/gcsx/random_reader.go:285.41,288.17 3 1
/usr/local/google/home/tulsishah/gcsfuse/internal/gcsx/random_reader.go:288.17,290.4 1 0
/usr/local/google/home/tulsishah/gcsfuse/internal/gcsx/random_reader.go:291.3,291.27 1 1
/usr/local/google/home/tulsishah/gcsfuse/internal/gcsx/random_reader.go:292.8,292.74 1 1
/usr/local/google/home/tulsishah/gcsfuse/internal/gcsx/random_reader.go:292.74,295.3 2 0
/usr/local/google/home/tulsishah/gcsfuse/internal/gcsx/random_reader.go:296.2,298.8 2 1
/usr/local/google/home/tulsishah/gcsfuse/internal/gcsx/random_reader.go:301.162,309.2 3 1
/usr/local/google/home/tulsishah/gcsfuse/internal/gcsx/random_reader.go:314.51,321.37 2 1
/usr/local/google/home/tulsishah/gcsfuse/internal/gcsx/random_reader.go:321.37,324.3 2 1
/usr/local/google/home/tulsishah/gcsfuse/internal/gcsx/random_reader.go:330.2,331.16 2 1
/usr/local/google/home/tulsishah/gcsfuse/internal/gcsx/random_reader.go:331.16,334.3 2 1
/usr/local/google/home/tulsishah/gcsfuse/internal/gcsx/random_reader.go:336.2,336.91 1 1
/usr/local/google/home/tulsishah/gcsfuse/internal/gcsx/random_reader.go:336.91,340.3 3 1
/usr/local/google/home/tulsishah/gcsfuse/internal/gcsx/random_reader.go:351.2,351.76 1 1
/usr/local/google/home/tulsishah/gcsfuse/internal/gcsx/random_reader.go:351.76,355.56 3 1
/usr/local/google/home/tulsishah/gcsfuse/internal/gcsx/random_reader.go:355.56,357.4 1 0
/usr/local/google/home/tulsishah/gcsfuse/internal/gcsx/random_reader.go:358.3,358.29 1 1
/usr/local/google/home/tulsishah/gcsfuse/internal/gcsx/random_reader.go:364.2,365.78 2 1
/usr/local/google/home/tulsishah/gcsfuse/internal/gcsx/random_reader.go:365.78,369.25 4 1
/usr/local/google/home/tulsishah/gcsfuse/internal/gcsx/random_reader.go:369.25,374.4 1 1
/usr/local/google/home/tulsishah/gcsfuse/internal/gcsx/random_reader.go:377.2,377.22 1 1
/usr/local/google/home/tulsishah/gcsfuse/internal/gcsx/random_reader.go:377.22,380.3 2 1
/usr/local/google/home/tulsishah/gcsfuse/internal/gcsx/random_reader.go:383.2,384.16 2 1
/usr/local/google/home/tulsishah/gcsfuse/internal/gcsx/random_reader.go:384.16,387.3 2 1
/usr/local/google/home/tulsishah/gcsfuse/internal/gcsx/random_reader.go:389.2,390.31 2 1
/usr/local/google/home/tulsishah/gcsfuse/internal/gcsx/random_reader.go:390.31,393.3 2 1
/usr/local/google/home/tulsishah/gcsfuse/internal/gcsx/random_reader.go:395.2,396.8 2 1
/usr/local/google/home/tulsishah/gcsfuse/internal/gcsx/random_reader.go:399.53,402.2 2 0
/usr/local/google/home/tulsishah/gcsfuse/internal/gcsx/random_reader.go:404.35,405.15 1 1
/usr/local/google/home/tulsishah/gcsfuse/internal/gcsx/random_reader.go:405.15,406.20 1 1
/usr/local/google/home/tulsishah/gcsfuse/internal/gcsx/random_reader.go:406.20,408.18 2 1
/usr/local/google/home/tulsishah/gcsfuse/internal/gcsx/random_reader.go:408.18,410.5 1 0
/usr/local/google/home/tulsishah/gcsfuse/internal/gcsx/random_reader.go:411.4,411.25 1 1
/usr/local/google/home/tulsishah/gcsfuse/internal/gcsx/random_reader.go:416.2,416.22 1 1
/usr/local/google/home/tulsishah/gcsfuse/internal/gcsx/random_reader.go:416.22,420.3 3 1
/usr/local/google/home/tulsishah/gcsfuse/internal/gcsx/random_reader.go:422.2,422.31 1 1
/usr/local/google/home/tulsishah/gcsfuse/internal/gcsx/random_reader.go:422.31,425.17 3 1
/usr/local/google/home/tulsishah/gcsfuse/internal/gcsx/random_reader.go:425.17,427.4 1 0
/usr/local/google/home/tulsishah/gcsfuse/internal/gcsx/random_reader.go:428.3,428.27 1 1
/usr/local/google/home/tulsishah/gcsfuse/internal/gcsx/random_reader.go:437.31,445.12 3 1
/usr/local/google/home/tulsishah/gcsfuse/internal/gcsx/random_reader.go:445.12,446.10 1 1
/usr/local/google/home/tulsishah/gcsfuse/internal/gcsx/random_reader.go:447.19,448.10 1 1
/usr/local/google/home/tulsishah/gcsfuse/internal/gcsx/random_reader.go:450.21,451.11 1 1
/usr/local/google/home/tulsishah/gcsfuse/internal/gcsx/random_reader.go:452.20,453.11 1 1
/usr/local/google/home/tulsishah/gcsfuse/internal/gcsx/random_reader.go:455.12,456.16 1 1
/usr/local/google/home/tulsishah/gcsfuse/internal/gcsx/random_reader.go:462.2,464.8 2 1
/usr/local/google/home/tulsishah/gcsfuse/internal/gcsx/random_reader.go:470.71,492.36 4 1
/usr/local/google/home/tulsishah/gcsfuse/internal/gcsx/random_reader.go:492.36,497.3 2 1
/usr/local/google/home/tulsishah/gcsfuse/internal/gcsx/random_reader.go:499.2,499.16 1 1
/usr/local/google/home/tulsishah/gcsfuse/internal/gcsx/random_reader.go:499.16,502.3 2 1
/usr/local/google/home/tulsishah/gcsfuse/internal/gcsx/random_reader.go:504.2,512.8 7 1
/usr/local/google/home/tulsishah/gcsfuse/internal/gcsx/random_reader.go:520.37,522.61 1 1
/usr/local/google/home/tulsishah/gcsfuse/internal/gcsx/random_reader.go:522.61,529.3 2 1
/usr/local/google/home/tulsishah/gcsfuse/internal/gcsx/random_reader.go:531.2,531.16 1 1
/usr/local/google/home/tulsishah/gcsfuse/internal/gcsx/random_reader.go:531.16,533.3 1 0
/usr/local/google/home/tulsishah/gcsfuse/internal/gcsx/random_reader.go:546.2,547.35 2 1
/usr/local/google/home/tulsishah/gcsfuse/internal/gcsx/random_reader.go:547.35,550.37 3 1
/usr/local/google/home/tulsishah/gcsfuse/internal/gcsx/random_reader.go:550.37,552.36 2 1
/usr/local/google/home/tulsishah/gcsfuse/internal/gcsx/random_reader.go:552.36,554.5 1 0
/usr/local/google/home/tulsishah/gcsfuse/internal/gcsx/random_reader.go:555.4,555.36 1 1
/usr/local/google/home/tulsishah/gcsfuse/internal/gcsx/random_reader.go:555.36,557.5 1 0
/usr/local/google/home/tulsishah/gcsfuse/internal/gcsx/random_reader.go:558.4,558.32 1 1
/usr/local/google/home/tulsishah/gcsfuse/internal/gcsx/random_reader.go:561.2,561.33 1 1
/usr/local/google/home/tulsishah/gcsfuse/internal/gcsx/random_reader.go:561.33,563.3 1 1
/usr/local/google/home/tulsishah/gcsfuse/internal/gcsx/random_reader.go:567.2,568.38 2 1
/usr/local/google/home/tulsishah/gcsfuse/internal/gcsx/random_reader.go:568.38,570.3 1 1
/usr/local/google/home/tulsishah/gcsfuse/internal/gcsx/random_reader.go:572.2,572.8 1 1
/usr/local/google/home/tulsishah/gcsfuse/internal/gcsx/random_reader.go:576.96,578.80 2 1
/usr/local/google/home/tulsishah/gcsfuse/internal/gcsx/random_reader.go:578.80,580.3 1 1
/usr/local/google/home/tulsishah/gcsfuse/internal/gcsx/random_reader.go:581.2,581.20 1 1
/usr/local/google/home/tulsishah/gcsfuse/internal/gcsx/random_reader.go:586.137,588.22 1 1
/usr/local/google/home/tulsishah/gcsfuse/internal/gcsx/random_reader.go:588.22,590.17 2 1
/usr/local/google/home/tulsishah/gcsfuse/internal/gcsx/random_reader.go:590.17,593.4 2 1
/usr/local/google/home/tulsishah/gcsfuse/internal/gcsx/random_reader.go:598.2,603.25 4 1
/usr/local/google/home/tulsishah/gcsfuse/internal/gcsx/random_reader.go:603.25,614.3 7 1
/usr/local/google/home/tulsishah/gcsfuse/internal/gcsx/random_reader.go:617.2,617.26 1 1
/usr/local/google/home/tulsishah/gcsfuse/internal/gcsx/random_reader.go:617.26,621.3 3 1
/usr/local/google/home/tulsishah/gcsfuse/internal/gcsx/random_reader.go:624.2,624.9 1 1
/usr/local/google/home/tulsishah/gcsfuse/internal/gcsx/random_reader.go:625.51,629.23 1 1
/usr/local/google/home/tulsishah/gcsfuse/internal/gcsx/random_reader.go:629.23,632.4 2 1
/usr/local/google/home/tulsishah/gcsfuse/internal/gcsx/random_reader.go:634.3,634.12 1 1
/usr/local/google/home/tulsishah/gcsfuse/internal/gcsx/random_reader.go:636.18,639.9 2 1
/usr/local/google/home/tulsishah/gcsfuse/internal/gcsx/random_reader.go:642.2,645.8 3 1
/usr/local/google/home/tulsishah/gcsfuse/internal/gcsx/random_reader.go:648.150,649.26 1 1
/usr/local/google/home/tulsishah/gcsfuse/internal/gcsx/random_reader.go:649.26,651.3 1 1
/usr/local/google/home/tulsishah/gcsfuse/internal/gcsx/random_reader.go:653.2,653.20 1 1
/usr/local/google/home/tulsishah/gcsfuse/internal/gcsx/random_reader.go:653.20,656.3 2 1
/usr/local/google/home/tulsishah/gcsfuse/internal/gcsx/random_reader.go:658.2,660.8 3 1
/usr/local/google/home/tulsishah/gcsfuse/internal/gcsx/random_reader.go:664.39,667.16 3 1
/usr/local/google/home/tulsishah/gcsfuse/internal/gcsx/random_reader.go:667.16,669.3 1 0
