mode: atomic
github.com/googlecloudplatform/gcsfuse/v2/benchmarks/write_to_gcs/main.go:40.24,41.17 1 0
github.com/googlecloudplatform/gcsfuse/v2/benchmarks/write_to_gcs/main.go:41.17,44.3 2 0
github.com/googlecloudplatform/gcsfuse/v2/benchmarks/write_to_gcs/main.go:47.2,50.16 3 0
github.com/googlecloudplatform/gcsfuse/v2/benchmarks/write_to_gcs/main.go:50.16,53.3 2 0
github.com/googlecloudplatform/gcsfuse/v2/benchmarks/write_to_gcs/main.go:55.2,58.15 2 0
github.com/googlecloudplatform/gcsfuse/v2/benchmarks/write_to_gcs/main.go:58.15,61.3 2 0
github.com/googlecloudplatform/gcsfuse/v2/benchmarks/write_to_gcs/main.go:65.2,72.32 5 0
github.com/googlecloudplatform/gcsfuse/v2/benchmarks/write_to_gcs/main.go:72.32,75.28 2 0
github.com/googlecloudplatform/gcsfuse/v2/benchmarks/write_to_gcs/main.go:75.28,77.4 1 0
github.com/googlecloudplatform/gcsfuse/v2/benchmarks/write_to_gcs/main.go:80.3,81.17 2 0
github.com/googlecloudplatform/gcsfuse/v2/benchmarks/write_to_gcs/main.go:81.17,84.4 2 0
github.com/googlecloudplatform/gcsfuse/v2/benchmarks/write_to_gcs/main.go:86.3,86.26 1 0
github.com/googlecloudplatform/gcsfuse/v2/benchmarks/write_to_gcs/main.go:89.2,98.16 6 0
github.com/googlecloudplatform/gcsfuse/v2/benchmarks/write_to_gcs/main.go:98.16,101.3 2 0
github.com/googlecloudplatform/gcsfuse/v2/benchmarks/write_to_gcs/main.go:104.2,113.3 3 0
github.com/googlecloudplatform/gcsfuse/v2/benchmarks/write_to_gcs/main.go:115.2,124.3 3 0
github.com/googlecloudplatform/gcsfuse/v2/benchmarks/write_to_gcs/main.go:126.2,127.8 2 0
github.com/googlecloudplatform/gcsfuse/v2/benchmarks/write_to_gcs/main.go:130.13,135.16 4 0
github.com/googlecloudplatform/gcsfuse/v2/benchmarks/write_to_gcs/main.go:135.16,138.3 2 0
github.com/googlecloudplatform/gcsfuse/v2/benchmarks/write_locally/main.go:41.24,42.17 1 0
github.com/googlecloudplatform/gcsfuse/v2/benchmarks/write_locally/main.go:42.17,45.3 2 0
github.com/googlecloudplatform/gcsfuse/v2/benchmarks/write_locally/main.go:48.2,51.16 3 0
github.com/googlecloudplatform/gcsfuse/v2/benchmarks/write_locally/main.go:51.16,54.3 2 0
github.com/googlecloudplatform/gcsfuse/v2/benchmarks/write_locally/main.go:56.2,59.15 2 0
github.com/googlecloudplatform/gcsfuse/v2/benchmarks/write_locally/main.go:59.15,66.3 5 0
github.com/googlecloudplatform/gcsfuse/v2/benchmarks/write_locally/main.go:69.2,72.16 3 0
github.com/googlecloudplatform/gcsfuse/v2/benchmarks/write_locally/main.go:72.16,75.3 2 0
github.com/googlecloudplatform/gcsfuse/v2/benchmarks/write_locally/main.go:78.2,86.37 6 0
github.com/googlecloudplatform/gcsfuse/v2/benchmarks/write_locally/main.go:86.37,89.17 2 0
github.com/googlecloudplatform/gcsfuse/v2/benchmarks/write_locally/main.go:89.17,92.4 2 0
github.com/googlecloudplatform/gcsfuse/v2/benchmarks/write_locally/main.go:95.3,96.56 2 0
github.com/googlecloudplatform/gcsfuse/v2/benchmarks/write_locally/main.go:96.56,99.18 3 0
github.com/googlecloudplatform/gcsfuse/v2/benchmarks/write_locally/main.go:99.18,102.5 2 0
github.com/googlecloudplatform/gcsfuse/v2/benchmarks/write_locally/main.go:104.4,106.16 3 0
github.com/googlecloudplatform/gcsfuse/v2/benchmarks/write_locally/main.go:110.2,126.8 7 0
github.com/googlecloudplatform/gcsfuse/v2/benchmarks/write_locally/main.go:129.13,134.16 4 0
github.com/googlecloudplatform/gcsfuse/v2/benchmarks/write_locally/main.go:134.16,137.3 2 0
github.com/googlecloudplatform/gcsfuse/v2/benchmarks/internal/percentile/duration.go:25.44,25.61 1 0
github.com/googlecloudplatform/gcsfuse/v2/benchmarks/internal/percentile/duration.go:26.44,26.66 1 0
github.com/googlecloudplatform/gcsfuse/v2/benchmarks/internal/percentile/duration.go:27.44,27.71 1 0
github.com/googlecloudplatform/gcsfuse/v2/benchmarks/internal/percentile/duration.go:36.27,48.9 5 41
github.com/googlecloudplatform/gcsfuse/v2/benchmarks/internal/percentile/duration.go:49.25,53.9 4 31
github.com/googlecloudplatform/gcsfuse/v2/benchmarks/internal/percentile/duration.go:55.16,57.9 2 10
github.com/googlecloudplatform/gcsfuse/v2/benchmarks/internal/percentile/duration.go:59.10,60.25 1 0
github.com/googlecloudplatform/gcsfuse/v2/cfg/config.go:209.62,215.16 4 0
github.com/googlecloudplatform/gcsfuse/v2/cfg/config.go:215.16,217.3 1 0
github.com/googlecloudplatform/gcsfuse/v2/cfg/config.go:219.2,222.16 3 0
github.com/googlecloudplatform/gcsfuse/v2/cfg/config.go:222.16,224.3 1 0
github.com/googlecloudplatform/gcsfuse/v2/cfg/config.go:226.2,229.16 3 0
github.com/googlecloudplatform/gcsfuse/v2/cfg/config.go:229.16,231.3 1 0
github.com/googlecloudplatform/gcsfuse/v2/cfg/config.go:233.2,236.16 3 0
github.com/googlecloudplatform/gcsfuse/v2/cfg/config.go:236.16,238.3 1 0
github.com/googlecloudplatform/gcsfuse/v2/cfg/config.go:240.2,243.16 3 0
github.com/googlecloudplatform/gcsfuse/v2/cfg/config.go:243.16,245.3 1 0
github.com/googlecloudplatform/gcsfuse/v2/cfg/config.go:247.2,250.16 3 0
github.com/googlecloudplatform/gcsfuse/v2/cfg/config.go:250.16,252.3 1 0
github.com/googlecloudplatform/gcsfuse/v2/cfg/config.go:254.2,257.16 3 0
github.com/googlecloudplatform/gcsfuse/v2/cfg/config.go:257.16,259.3 1 0
github.com/googlecloudplatform/gcsfuse/v2/cfg/config.go:261.2,262.16 2 0
github.com/googlecloudplatform/gcsfuse/v2/cfg/config.go:262.16,264.3 1 0
github.com/googlecloudplatform/gcsfuse/v2/cfg/config.go:266.2,269.16 3 0
github.com/googlecloudplatform/gcsfuse/v2/cfg/config.go:269.16,271.3 1 0
github.com/googlecloudplatform/gcsfuse/v2/cfg/config.go:273.2,276.16 3 0
github.com/googlecloudplatform/gcsfuse/v2/cfg/config.go:276.16,278.3 1 0
github.com/googlecloudplatform/gcsfuse/v2/cfg/config.go:280.2,283.16 3 0
github.com/googlecloudplatform/gcsfuse/v2/cfg/config.go:283.16,285.3 1 0
github.com/googlecloudplatform/gcsfuse/v2/cfg/config.go:287.2,288.16 2 0
github.com/googlecloudplatform/gcsfuse/v2/cfg/config.go:288.16,290.3 1 0
github.com/googlecloudplatform/gcsfuse/v2/cfg/config.go:292.2,295.16 3 0
github.com/googlecloudplatform/gcsfuse/v2/cfg/config.go:295.16,297.3 1 0
github.com/googlecloudplatform/gcsfuse/v2/cfg/config.go:299.2,302.16 3 0
github.com/googlecloudplatform/gcsfuse/v2/cfg/config.go:302.16,304.3 1 0
github.com/googlecloudplatform/gcsfuse/v2/cfg/config.go:306.2,307.16 2 0
github.com/googlecloudplatform/gcsfuse/v2/cfg/config.go:307.16,309.3 1 0
github.com/googlecloudplatform/gcsfuse/v2/cfg/config.go:311.2,314.16 3 0
github.com/googlecloudplatform/gcsfuse/v2/cfg/config.go:314.16,316.3 1 0
github.com/googlecloudplatform/gcsfuse/v2/cfg/config.go:318.2,321.16 3 0
github.com/googlecloudplatform/gcsfuse/v2/cfg/config.go:321.16,323.3 1 0
github.com/googlecloudplatform/gcsfuse/v2/cfg/config.go:325.2,328.16 3 0
github.com/googlecloudplatform/gcsfuse/v2/cfg/config.go:328.16,330.3 1 0
github.com/googlecloudplatform/gcsfuse/v2/cfg/config.go:332.2,335.16 3 0
github.com/googlecloudplatform/gcsfuse/v2/cfg/config.go:335.16,337.3 1 0
github.com/googlecloudplatform/gcsfuse/v2/cfg/config.go:339.2,342.16 3 0
github.com/googlecloudplatform/gcsfuse/v2/cfg/config.go:342.16,344.3 1 0
github.com/googlecloudplatform/gcsfuse/v2/cfg/config.go:346.2,347.16 2 0
github.com/googlecloudplatform/gcsfuse/v2/cfg/config.go:347.16,349.3 1 0
github.com/googlecloudplatform/gcsfuse/v2/cfg/config.go:351.2,354.16 3 0
github.com/googlecloudplatform/gcsfuse/v2/cfg/config.go:354.16,356.3 1 0
github.com/googlecloudplatform/gcsfuse/v2/cfg/config.go:358.2,361.16 3 0
github.com/googlecloudplatform/gcsfuse/v2/cfg/config.go:361.16,363.3 1 0
github.com/googlecloudplatform/gcsfuse/v2/cfg/config.go:365.2,368.16 3 0
github.com/googlecloudplatform/gcsfuse/v2/cfg/config.go:368.16,370.3 1 0
github.com/googlecloudplatform/gcsfuse/v2/cfg/config.go:372.2,375.16 3 0
github.com/googlecloudplatform/gcsfuse/v2/cfg/config.go:375.16,377.3 1 0
github.com/googlecloudplatform/gcsfuse/v2/cfg/config.go:379.2,382.16 3 0
github.com/googlecloudplatform/gcsfuse/v2/cfg/config.go:382.16,384.3 1 0
github.com/googlecloudplatform/gcsfuse/v2/cfg/config.go:386.2,389.16 3 0
github.com/googlecloudplatform/gcsfuse/v2/cfg/config.go:389.16,391.3 1 0
github.com/googlecloudplatform/gcsfuse/v2/cfg/config.go:393.2,396.16 3 0
github.com/googlecloudplatform/gcsfuse/v2/cfg/config.go:396.16,398.3 1 0
github.com/googlecloudplatform/gcsfuse/v2/cfg/config.go:400.2,401.16 2 0
github.com/googlecloudplatform/gcsfuse/v2/cfg/config.go:401.16,403.3 1 0
github.com/googlecloudplatform/gcsfuse/v2/cfg/config.go:405.2,408.16 3 0
github.com/googlecloudplatform/gcsfuse/v2/cfg/config.go:408.16,410.3 1 0
github.com/googlecloudplatform/gcsfuse/v2/cfg/config.go:412.2,413.16 2 0
github.com/googlecloudplatform/gcsfuse/v2/cfg/config.go:413.16,415.3 1 0
github.com/googlecloudplatform/gcsfuse/v2/cfg/config.go:417.2,420.16 3 0
github.com/googlecloudplatform/gcsfuse/v2/cfg/config.go:420.16,422.3 1 0
github.com/googlecloudplatform/gcsfuse/v2/cfg/config.go:424.2,425.16 2 0
github.com/googlecloudplatform/gcsfuse/v2/cfg/config.go:425.16,427.3 1 0
github.com/googlecloudplatform/gcsfuse/v2/cfg/config.go:429.2,432.16 3 0
github.com/googlecloudplatform/gcsfuse/v2/cfg/config.go:432.16,434.3 1 0
github.com/googlecloudplatform/gcsfuse/v2/cfg/config.go:436.2,437.16 2 0
github.com/googlecloudplatform/gcsfuse/v2/cfg/config.go:437.16,439.3 1 0
github.com/googlecloudplatform/gcsfuse/v2/cfg/config.go:441.2,444.16 3 0
github.com/googlecloudplatform/gcsfuse/v2/cfg/config.go:444.16,446.3 1 0
github.com/googlecloudplatform/gcsfuse/v2/cfg/config.go:448.2,451.16 3 0
github.com/googlecloudplatform/gcsfuse/v2/cfg/config.go:451.16,453.3 1 0
github.com/googlecloudplatform/gcsfuse/v2/cfg/config.go:455.2,458.16 3 0
github.com/googlecloudplatform/gcsfuse/v2/cfg/config.go:458.16,460.3 1 0
github.com/googlecloudplatform/gcsfuse/v2/cfg/config.go:462.2,465.16 3 0
github.com/googlecloudplatform/gcsfuse/v2/cfg/config.go:465.16,467.3 1 0
github.com/googlecloudplatform/gcsfuse/v2/cfg/config.go:469.2,472.16 3 0
github.com/googlecloudplatform/gcsfuse/v2/cfg/config.go:472.16,474.3 1 0
github.com/googlecloudplatform/gcsfuse/v2/cfg/config.go:476.2,479.16 3 0
github.com/googlecloudplatform/gcsfuse/v2/cfg/config.go:479.16,481.3 1 0
github.com/googlecloudplatform/gcsfuse/v2/cfg/config.go:483.2,486.16 3 0
github.com/googlecloudplatform/gcsfuse/v2/cfg/config.go:486.16,488.3 1 0
github.com/googlecloudplatform/gcsfuse/v2/cfg/config.go:490.2,493.16 3 0
github.com/googlecloudplatform/gcsfuse/v2/cfg/config.go:493.16,495.3 1 0
github.com/googlecloudplatform/gcsfuse/v2/cfg/config.go:497.2,500.16 3 0
github.com/googlecloudplatform/gcsfuse/v2/cfg/config.go:500.16,502.3 1 0
github.com/googlecloudplatform/gcsfuse/v2/cfg/config.go:504.2,507.16 3 0
github.com/googlecloudplatform/gcsfuse/v2/cfg/config.go:507.16,509.3 1 0
github.com/googlecloudplatform/gcsfuse/v2/cfg/config.go:511.2,514.16 3 0
github.com/googlecloudplatform/gcsfuse/v2/cfg/config.go:514.16,516.3 1 0
github.com/googlecloudplatform/gcsfuse/v2/cfg/config.go:518.2,521.16 3 0
github.com/googlecloudplatform/gcsfuse/v2/cfg/config.go:521.16,523.3 1 0
github.com/googlecloudplatform/gcsfuse/v2/cfg/config.go:525.2,528.16 3 0
github.com/googlecloudplatform/gcsfuse/v2/cfg/config.go:528.16,530.3 1 0
github.com/googlecloudplatform/gcsfuse/v2/cfg/config.go:532.2,535.16 3 0
github.com/googlecloudplatform/gcsfuse/v2/cfg/config.go:535.16,537.3 1 0
github.com/googlecloudplatform/gcsfuse/v2/cfg/config.go:539.2,542.16 3 0
github.com/googlecloudplatform/gcsfuse/v2/cfg/config.go:542.16,544.3 1 0
github.com/googlecloudplatform/gcsfuse/v2/cfg/config.go:546.2,549.16 3 0
github.com/googlecloudplatform/gcsfuse/v2/cfg/config.go:549.16,551.3 1 0
github.com/googlecloudplatform/gcsfuse/v2/cfg/config.go:553.2,556.16 3 0
github.com/googlecloudplatform/gcsfuse/v2/cfg/config.go:556.16,558.3 1 0
github.com/googlecloudplatform/gcsfuse/v2/cfg/config.go:560.2,563.16 3 0
github.com/googlecloudplatform/gcsfuse/v2/cfg/config.go:563.16,565.3 1 0
github.com/googlecloudplatform/gcsfuse/v2/cfg/config.go:567.2,570.16 3 0
github.com/googlecloudplatform/gcsfuse/v2/cfg/config.go:570.16,572.3 1 0
github.com/googlecloudplatform/gcsfuse/v2/cfg/config.go:574.2,577.16 3 0
github.com/googlecloudplatform/gcsfuse/v2/cfg/config.go:577.16,579.3 1 0
github.com/googlecloudplatform/gcsfuse/v2/cfg/config.go:581.2,584.16 3 0
github.com/googlecloudplatform/gcsfuse/v2/cfg/config.go:584.16,586.3 1 0
github.com/googlecloudplatform/gcsfuse/v2/cfg/config.go:588.2,591.16 3 0
github.com/googlecloudplatform/gcsfuse/v2/cfg/config.go:591.16,593.3 1 0
github.com/googlecloudplatform/gcsfuse/v2/cfg/config.go:595.2,598.16 3 0
github.com/googlecloudplatform/gcsfuse/v2/cfg/config.go:598.16,600.3 1 0
github.com/googlecloudplatform/gcsfuse/v2/cfg/config.go:602.2,605.16 3 0
github.com/googlecloudplatform/gcsfuse/v2/cfg/config.go:605.16,607.3 1 0
github.com/googlecloudplatform/gcsfuse/v2/cfg/config.go:609.2,612.16 3 0
github.com/googlecloudplatform/gcsfuse/v2/cfg/config.go:612.16,614.3 1 0
github.com/googlecloudplatform/gcsfuse/v2/cfg/config.go:616.2,619.16 3 0
github.com/googlecloudplatform/gcsfuse/v2/cfg/config.go:619.16,621.3 1 0
github.com/googlecloudplatform/gcsfuse/v2/cfg/config.go:623.2,626.16 3 0
github.com/googlecloudplatform/gcsfuse/v2/cfg/config.go:626.16,628.3 1 0
github.com/googlecloudplatform/gcsfuse/v2/cfg/config.go:630.2,633.16 3 0
github.com/googlecloudplatform/gcsfuse/v2/cfg/config.go:633.16,635.3 1 0
github.com/googlecloudplatform/gcsfuse/v2/cfg/config.go:637.2,640.16 3 0
github.com/googlecloudplatform/gcsfuse/v2/cfg/config.go:640.16,642.3 1 0
github.com/googlecloudplatform/gcsfuse/v2/cfg/config.go:644.2,647.16 3 0
github.com/googlecloudplatform/gcsfuse/v2/cfg/config.go:647.16,649.3 1 0
github.com/googlecloudplatform/gcsfuse/v2/cfg/config.go:651.2,654.16 3 0
github.com/googlecloudplatform/gcsfuse/v2/cfg/config.go:654.16,656.3 1 0
github.com/googlecloudplatform/gcsfuse/v2/cfg/config.go:658.2,661.16 3 0
github.com/googlecloudplatform/gcsfuse/v2/cfg/config.go:661.16,663.3 1 0
github.com/googlecloudplatform/gcsfuse/v2/cfg/config.go:665.2,668.16 3 0
github.com/googlecloudplatform/gcsfuse/v2/cfg/config.go:668.16,670.3 1 0
github.com/googlecloudplatform/gcsfuse/v2/cfg/config.go:672.2,675.16 3 0
github.com/googlecloudplatform/gcsfuse/v2/cfg/config.go:675.16,677.3 1 0
github.com/googlecloudplatform/gcsfuse/v2/cfg/config.go:679.2,680.16 2 0
github.com/googlecloudplatform/gcsfuse/v2/cfg/config.go:680.16,682.3 1 0
github.com/googlecloudplatform/gcsfuse/v2/cfg/config.go:684.2,687.16 3 0
github.com/googlecloudplatform/gcsfuse/v2/cfg/config.go:687.16,689.3 1 0
github.com/googlecloudplatform/gcsfuse/v2/cfg/config.go:691.2,694.16 3 0
github.com/googlecloudplatform/gcsfuse/v2/cfg/config.go:694.16,696.3 1 0
github.com/googlecloudplatform/gcsfuse/v2/cfg/config.go:698.2,699.16 2 0
github.com/googlecloudplatform/gcsfuse/v2/cfg/config.go:699.16,701.3 1 0
github.com/googlecloudplatform/gcsfuse/v2/cfg/config.go:703.2,706.16 3 0
github.com/googlecloudplatform/gcsfuse/v2/cfg/config.go:706.16,708.3 1 0
github.com/googlecloudplatform/gcsfuse/v2/cfg/config.go:710.2,713.16 3 0
github.com/googlecloudplatform/gcsfuse/v2/cfg/config.go:713.16,715.3 1 0
github.com/googlecloudplatform/gcsfuse/v2/cfg/config.go:717.2,720.16 3 0
github.com/googlecloudplatform/gcsfuse/v2/cfg/config.go:720.16,722.3 1 0
github.com/googlecloudplatform/gcsfuse/v2/cfg/config.go:724.2,727.16 3 0
github.com/googlecloudplatform/gcsfuse/v2/cfg/config.go:727.16,729.3 1 0
github.com/googlecloudplatform/gcsfuse/v2/cfg/config.go:731.2,732.16 2 0
github.com/googlecloudplatform/gcsfuse/v2/cfg/config.go:732.16,734.3 1 0
github.com/googlecloudplatform/gcsfuse/v2/cfg/config.go:736.2,739.16 3 0
github.com/googlecloudplatform/gcsfuse/v2/cfg/config.go:739.16,741.3 1 0
github.com/googlecloudplatform/gcsfuse/v2/cfg/config.go:743.2,743.12 1 0
github.com/googlecloudplatform/gcsfuse/v2/cfg/config_util.go:19.34,20.41 1 5
github.com/googlecloudplatform/gcsfuse/v2/cfg/config_util.go:20.41,22.3 1 4
github.com/googlecloudplatform/gcsfuse/v2/cfg/decode_hook.go:22.47,28.2 1 20
github.com/googlecloudplatform/gcsfuse/v2/cfg/rationalize.go:19.42,22.16 2 10
github.com/googlecloudplatform/gcsfuse/v2/cfg/rationalize.go:22.16,24.3 1 2
github.com/googlecloudplatform/gcsfuse/v2/cfg/rationalize.go:25.2,25.33 1 8
github.com/googlecloudplatform/gcsfuse/v2/cfg/rationalize.go:29.35,31.17 1 7
github.com/googlecloudplatform/gcsfuse/v2/cfg/rationalize.go:31.17,33.3 1 2
github.com/googlecloudplatform/gcsfuse/v2/cfg/rationalize.go:35.2,37.16 3 7
github.com/googlecloudplatform/gcsfuse/v2/cfg/rationalize.go:37.16,39.3 1 1
github.com/googlecloudplatform/gcsfuse/v2/cfg/rationalize.go:41.2,41.12 1 6
github.com/googlecloudplatform/gcsfuse/v2/cfg/types.go:29.50,31.16 2 20
github.com/googlecloudplatform/gcsfuse/v2/cfg/types.go:31.16,33.3 1 1
github.com/googlecloudplatform/gcsfuse/v2/cfg/types.go:34.2,35.12 2 19
github.com/googlecloudplatform/gcsfuse/v2/cfg/types.go:38.33,40.2 1 0
github.com/googlecloudplatform/gcsfuse/v2/cfg/types.go:51.53,55.35 4 20
github.com/googlecloudplatform/gcsfuse/v2/cfg/types.go:55.35,57.3 1 1
github.com/googlecloudplatform/gcsfuse/v2/cfg/types.go:58.2,59.12 2 19
github.com/googlecloudplatform/gcsfuse/v2/cfg/types.go:66.56,70.32 4 20
github.com/googlecloudplatform/gcsfuse/v2/cfg/types.go:70.32,72.3 1 1
github.com/googlecloudplatform/gcsfuse/v2/cfg/types.go:73.2,74.12 2 19
github.com/googlecloudplatform/gcsfuse/v2/cfg/types.go:81.57,83.16 2 17
github.com/googlecloudplatform/gcsfuse/v2/cfg/types.go:83.16,85.3 1 0
github.com/googlecloudplatform/gcsfuse/v2/cfg/types.go:86.2,87.12 2 17
github.com/googlecloudplatform/gcsfuse/v2/cfg/validate.go:21.67,22.31 1 3
github.com/googlecloudplatform/gcsfuse/v2/cfg/validate.go:22.31,24.3 1 0
github.com/googlecloudplatform/gcsfuse/v2/cfg/validate.go:25.2,25.32 1 3
github.com/googlecloudplatform/gcsfuse/v2/cfg/validate.go:25.32,27.3 1 0
github.com/googlecloudplatform/gcsfuse/v2/cfg/validate.go:28.2,28.12 1 3
github.com/googlecloudplatform/gcsfuse/v2/cfg/validate.go:31.33,34.2 2 3
github.com/googlecloudplatform/gcsfuse/v2/cfg/validate.go:37.43,40.73 2 3
github.com/googlecloudplatform/gcsfuse/v2/cfg/validate.go:40.73,42.3 1 0
github.com/googlecloudplatform/gcsfuse/v2/cfg/validate.go:44.2,44.71 1 3
github.com/googlecloudplatform/gcsfuse/v2/cfg/validate.go:44.71,46.3 1 1
github.com/googlecloudplatform/gcsfuse/v2/cfg/validate.go:48.2,48.12 1 2
github.com/googlecloudplatform/gcsfuse/v2/benchmarks/read_full_file/main.go:46.24,47.17 1 0
github.com/googlecloudplatform/gcsfuse/v2/benchmarks/read_full_file/main.go:47.17,50.3 2 0
github.com/googlecloudplatform/gcsfuse/v2/benchmarks/read_full_file/main.go:53.2,56.16 3 0
github.com/googlecloudplatform/gcsfuse/v2/benchmarks/read_full_file/main.go:56.16,59.3 2 0
github.com/googlecloudplatform/gcsfuse/v2/benchmarks/read_full_file/main.go:61.2,64.15 2 0
github.com/googlecloudplatform/gcsfuse/v2/benchmarks/read_full_file/main.go:64.15,67.3 2 0
github.com/googlecloudplatform/gcsfuse/v2/benchmarks/read_full_file/main.go:70.2,72.16 3 0
github.com/googlecloudplatform/gcsfuse/v2/benchmarks/read_full_file/main.go:72.16,75.3 2 0
github.com/googlecloudplatform/gcsfuse/v2/benchmarks/read_full_file/main.go:78.2,79.16 2 0
github.com/googlecloudplatform/gcsfuse/v2/benchmarks/read_full_file/main.go:79.16,82.3 2 0
github.com/googlecloudplatform/gcsfuse/v2/benchmarks/read_full_file/main.go:85.2,92.74 6 0
github.com/googlecloudplatform/gcsfuse/v2/benchmarks/read_full_file/main.go:92.74,95.17 2 0
github.com/googlecloudplatform/gcsfuse/v2/benchmarks/read_full_file/main.go:95.17,98.4 2 0
github.com/googlecloudplatform/gcsfuse/v2/benchmarks/read_full_file/main.go:101.3,102.18 2 0
github.com/googlecloudplatform/gcsfuse/v2/benchmarks/read_full_file/main.go:102.18,106.4 3 0
github.com/googlecloudplatform/gcsfuse/v2/benchmarks/read_full_file/main.go:108.3,110.10 2 0
github.com/googlecloudplatform/gcsfuse/v2/benchmarks/read_full_file/main.go:111.22,112.13 1 0
github.com/googlecloudplatform/gcsfuse/v2/benchmarks/read_full_file/main.go:114.19,116.10 2 0
github.com/googlecloudplatform/gcsfuse/v2/benchmarks/read_full_file/main.go:120.3,121.17 2 0
github.com/googlecloudplatform/gcsfuse/v2/benchmarks/read_full_file/main.go:121.17,124.4 2 0
github.com/googlecloudplatform/gcsfuse/v2/benchmarks/read_full_file/main.go:127.2,141.42 5 0
github.com/googlecloudplatform/gcsfuse/v2/benchmarks/read_full_file/main.go:141.42,143.32 2 0
github.com/googlecloudplatform/gcsfuse/v2/benchmarks/read_full_file/main.go:143.32,153.4 4 0
github.com/googlecloudplatform/gcsfuse/v2/benchmarks/read_full_file/main.go:156.2,161.8 4 0
github.com/googlecloudplatform/gcsfuse/v2/benchmarks/read_full_file/main.go:164.13,169.16 4 0
github.com/googlecloudplatform/gcsfuse/v2/benchmarks/read_full_file/main.go:169.16,172.3 2 0
github.com/googlecloudplatform/gcsfuse/v2/benchmarks/stat_files/main.go:44.33,45.26 1 0
github.com/googlecloudplatform/gcsfuse/v2/benchmarks/stat_files/main.go:45.26,47.3 1 0
github.com/googlecloudplatform/gcsfuse/v2/benchmarks/stat_files/main.go:52.46,62.35 6 0
github.com/googlecloudplatform/gcsfuse/v2/benchmarks/stat_files/main.go:62.35,64.47 2 0
github.com/googlecloudplatform/gcsfuse/v2/benchmarks/stat_files/main.go:64.47,66.8 2 0
github.com/googlecloudplatform/gcsfuse/v2/benchmarks/stat_files/main.go:66.8,69.33 2 0
github.com/googlecloudplatform/gcsfuse/v2/benchmarks/stat_files/main.go:69.33,71.6 1 0
github.com/googlecloudplatform/gcsfuse/v2/benchmarks/stat_files/main.go:74.5,76.19 3 0
github.com/googlecloudplatform/gcsfuse/v2/benchmarks/stat_files/main.go:76.19,79.6 2 0
github.com/googlecloudplatform/gcsfuse/v2/benchmarks/stat_files/main.go:82.5,82.12 1 0
github.com/googlecloudplatform/gcsfuse/v2/benchmarks/stat_files/main.go:83.24,83.24 0 0
github.com/googlecloudplatform/gcsfuse/v2/benchmarks/stat_files/main.go:84.23,86.12 2 0
github.com/googlecloudplatform/gcsfuse/v2/benchmarks/stat_files/main.go:92.2,92.12 1 0
github.com/googlecloudplatform/gcsfuse/v2/benchmarks/stat_files/main.go:92.12,95.3 2 0
github.com/googlecloudplatform/gcsfuse/v2/benchmarks/stat_files/main.go:98.2,98.46 1 0
github.com/googlecloudplatform/gcsfuse/v2/benchmarks/stat_files/main.go:98.46,99.27 1 0
github.com/googlecloudplatform/gcsfuse/v2/benchmarks/stat_files/main.go:99.27,101.4 1 0
github.com/googlecloudplatform/gcsfuse/v2/benchmarks/stat_files/main.go:103.3,103.9 1 0
github.com/googlecloudplatform/gcsfuse/v2/benchmarks/stat_files/main.go:106.2,107.16 2 0
github.com/googlecloudplatform/gcsfuse/v2/benchmarks/stat_files/main.go:107.16,110.3 2 0
github.com/googlecloudplatform/gcsfuse/v2/benchmarks/stat_files/main.go:112.2,112.8 1 0
github.com/googlecloudplatform/gcsfuse/v2/benchmarks/stat_files/main.go:119.24,120.17 1 0
github.com/googlecloudplatform/gcsfuse/v2/benchmarks/stat_files/main.go:120.17,123.3 2 0
github.com/googlecloudplatform/gcsfuse/v2/benchmarks/stat_files/main.go:125.2,125.21 1 0
github.com/googlecloudplatform/gcsfuse/v2/benchmarks/stat_files/main.go:125.21,128.3 2 0
github.com/googlecloudplatform/gcsfuse/v2/benchmarks/stat_files/main.go:131.2,134.16 3 0
github.com/googlecloudplatform/gcsfuse/v2/benchmarks/stat_files/main.go:134.16,137.3 2 0
github.com/googlecloudplatform/gcsfuse/v2/benchmarks/stat_files/main.go:139.2,147.52 5 0
github.com/googlecloudplatform/gcsfuse/v2/benchmarks/stat_files/main.go:147.52,149.17 2 0
github.com/googlecloudplatform/gcsfuse/v2/benchmarks/stat_files/main.go:149.17,152.4 2 0
github.com/googlecloudplatform/gcsfuse/v2/benchmarks/stat_files/main.go:155.2,168.8 6 0
github.com/googlecloudplatform/gcsfuse/v2/benchmarks/stat_files/main.go:171.13,176.16 4 0
github.com/googlecloudplatform/gcsfuse/v2/benchmarks/stat_files/main.go:176.16,179.3 2 0
github.com/googlecloudplatform/gcsfuse/v2/benchmarks/read_within_file/main.go:43.45,45.32 1 0
github.com/googlecloudplatform/gcsfuse/v2/benchmarks/read_within_file/main.go:45.32,51.3 2 0
github.com/googlecloudplatform/gcsfuse/v2/benchmarks/read_within_file/main.go:53.2,58.42 5 0
github.com/googlecloudplatform/gcsfuse/v2/benchmarks/read_within_file/main.go:58.42,67.10 4 0
github.com/googlecloudplatform/gcsfuse/v2/benchmarks/read_within_file/main.go:68.39,69.13 1 0
github.com/googlecloudplatform/gcsfuse/v2/benchmarks/read_within_file/main.go:71.19,73.10 2 0
github.com/googlecloudplatform/gcsfuse/v2/benchmarks/read_within_file/main.go:76.3,77.24 2 0
github.com/googlecloudplatform/gcsfuse/v2/benchmarks/read_within_file/main.go:80.2,95.8 6 0
github.com/googlecloudplatform/gcsfuse/v2/benchmarks/read_within_file/main.go:101.45,107.42 5 0
github.com/googlecloudplatform/gcsfuse/v2/benchmarks/read_within_file/main.go:107.42,111.10 3 0
github.com/googlecloudplatform/gcsfuse/v2/benchmarks/read_within_file/main.go:112.22,114.18 2 0
github.com/googlecloudplatform/gcsfuse/v2/benchmarks/read_within_file/main.go:114.18,117.5 2 0
github.com/googlecloudplatform/gcsfuse/v2/benchmarks/read_within_file/main.go:119.19,120.37 1 0
github.com/googlecloudplatform/gcsfuse/v2/benchmarks/read_within_file/main.go:123.3,124.14 2 0
github.com/googlecloudplatform/gcsfuse/v2/benchmarks/read_within_file/main.go:127.2,143.8 7 0
github.com/googlecloudplatform/gcsfuse/v2/benchmarks/read_within_file/main.go:150.24,151.18 1 0
github.com/googlecloudplatform/gcsfuse/v2/benchmarks/read_within_file/main.go:151.18,154.3 2 0
github.com/googlecloudplatform/gcsfuse/v2/benchmarks/read_within_file/main.go:157.2,158.16 2 0
github.com/googlecloudplatform/gcsfuse/v2/benchmarks/read_within_file/main.go:158.16,160.3 1 0
github.com/googlecloudplatform/gcsfuse/v2/benchmarks/read_within_file/main.go:163.2,164.16 2 0
github.com/googlecloudplatform/gcsfuse/v2/benchmarks/read_within_file/main.go:164.16,167.3 2 0
github.com/googlecloudplatform/gcsfuse/v2/benchmarks/read_within_file/main.go:169.2,172.14 2 0
github.com/googlecloudplatform/gcsfuse/v2/benchmarks/read_within_file/main.go:172.14,174.17 2 0
github.com/googlecloudplatform/gcsfuse/v2/benchmarks/read_within_file/main.go:174.17,177.4 2 0
github.com/googlecloudplatform/gcsfuse/v2/benchmarks/read_within_file/main.go:178.8,180.17 2 0
github.com/googlecloudplatform/gcsfuse/v2/benchmarks/read_within_file/main.go:180.17,183.4 2 0
github.com/googlecloudplatform/gcsfuse/v2/benchmarks/read_within_file/main.go:186.2,186.8 1 0
github.com/googlecloudplatform/gcsfuse/v2/benchmarks/read_within_file/main.go:189.13,194.16 4 0
github.com/googlecloudplatform/gcsfuse/v2/benchmarks/read_within_file/main.go:194.16,197.3 2 0
github.com/googlecloudplatform/gcsfuse/v2/benchmarks/internal/format/bytes.go:20.30,21.9 1 0
github.com/googlecloudplatform/gcsfuse/v2/benchmarks/internal/format/bytes.go:22.18,23.44 1 0
github.com/googlecloudplatform/gcsfuse/v2/benchmarks/internal/format/bytes.go:25.18,26.44 1 0
github.com/googlecloudplatform/gcsfuse/v2/benchmarks/internal/format/bytes.go:28.18,29.44 1 0
github.com/googlecloudplatform/gcsfuse/v2/benchmarks/internal/format/bytes.go:31.10,32.38 1 0
github.com/googlecloudplatform/gcsfuse/v2/benchmarks/internal/format/hertz.go:20.30,21.9 1 0
github.com/googlecloudplatform/gcsfuse/v2/benchmarks/internal/format/hertz.go:22.16,23.40 1 0
github.com/googlecloudplatform/gcsfuse/v2/benchmarks/internal/format/hertz.go:25.16,26.40 1 0
github.com/googlecloudplatform/gcsfuse/v2/benchmarks/internal/format/hertz.go:28.16,29.40 1 0
github.com/googlecloudplatform/gcsfuse/v2/benchmarks/internal/format/hertz.go:31.10,32.35 1 0
github.com/googlecloudplatform/gcsfuse/v2/main.go:32.17,35.14 2 0
github.com/googlecloudplatform/gcsfuse/v2/main.go:35.14,37.3 1 0
github.com/googlecloudplatform/gcsfuse/v2/main.go:44.49,46.25 2 8
github.com/googlecloudplatform/gcsfuse/v2/main.go:46.25,47.10 1 16
github.com/googlecloudplatform/gcsfuse/v2/main.go:48.30,49.31 1 2
github.com/googlecloudplatform/gcsfuse/v2/main.go:50.30,51.31 1 2
github.com/googlecloudplatform/gcsfuse/v2/main.go:52.65,53.32 1 2
github.com/googlecloudplatform/gcsfuse/v2/main.go:54.11,55.28 1 10
github.com/googlecloudplatform/gcsfuse/v2/main.go:58.2,58.14 1 8
github.com/googlecloudplatform/gcsfuse/v2/main.go:66.13,71.73 3 0
github.com/googlecloudplatform/gcsfuse/v2/main.go:71.73,73.74 1 0
github.com/googlecloudplatform/gcsfuse/v2/main.go:73.74,73.88 1 0
github.com/googlecloudplatform/gcsfuse/v2/main.go:74.3,74.17 1 0
github.com/googlecloudplatform/gcsfuse/v2/main.go:74.17,76.4 1 0
github.com/googlecloudplatform/gcsfuse/v2/main.go:77.3,78.43 2 0
github.com/googlecloudplatform/gcsfuse/v2/main.go:78.43,80.4 1 0
github.com/googlecloudplatform/gcsfuse/v2/main.go:81.3,81.9 1 0
github.com/googlecloudplatform/gcsfuse/v2/main.go:83.2,83.25 1 0
github.com/googlecloudplatform/gcsfuse/v2/internal/canned/canned.go:59.57,70.29 3 0
github.com/googlecloudplatform/gcsfuse/v2/internal/canned/canned.go:70.29,78.17 2 0
github.com/googlecloudplatform/gcsfuse/v2/internal/canned/canned.go:78.17,80.4 1 0
github.com/googlecloudplatform/gcsfuse/v2/internal/canned/canned.go:83.2,83.8 1 0
github.com/googlecloudplatform/gcsfuse/v2/internal/fs/wrappers/error_mapping.go:35.29,36.16 1 0
github.com/googlecloudplatform/gcsfuse/v2/internal/fs/wrappers/error_mapping.go:36.16,38.3 1 0
github.com/googlecloudplatform/gcsfuse/v2/internal/fs/wrappers/error_mapping.go:41.2,42.28 2 0
github.com/googlecloudplatform/gcsfuse/v2/internal/fs/wrappers/error_mapping.go:42.28,44.3 1 0
github.com/googlecloudplatform/gcsfuse/v2/internal/fs/wrappers/error_mapping.go:47.2,47.38 1 0
github.com/googlecloudplatform/gcsfuse/v2/internal/fs/wrappers/error_mapping.go:47.38,49.3 1 0
github.com/googlecloudplatform/gcsfuse/v2/internal/fs/wrappers/error_mapping.go:50.2,50.47 1 0
github.com/googlecloudplatform/gcsfuse/v2/internal/fs/wrappers/error_mapping.go:50.47,52.3 1 0
github.com/googlecloudplatform/gcsfuse/v2/internal/fs/wrappers/error_mapping.go:55.2,55.65 1 0
github.com/googlecloudplatform/gcsfuse/v2/internal/fs/wrappers/error_mapping.go:55.65,57.3 1 0
github.com/googlecloudplatform/gcsfuse/v2/internal/fs/wrappers/error_mapping.go:60.2,60.65 1 0
github.com/googlecloudplatform/gcsfuse/v2/internal/fs/wrappers/error_mapping.go:60.65,62.3 1 0
github.com/googlecloudplatform/gcsfuse/v2/internal/fs/wrappers/error_mapping.go:65.2,66.29 2 0
github.com/googlecloudplatform/gcsfuse/v2/internal/fs/wrappers/error_mapping.go:66.29,67.22 1 0
github.com/googlecloudplatform/gcsfuse/v2/internal/fs/wrappers/error_mapping.go:68.29,69.25 1 0
github.com/googlecloudplatform/gcsfuse/v2/internal/fs/wrappers/error_mapping.go:70.28,71.25 1 0
github.com/googlecloudplatform/gcsfuse/v2/internal/fs/wrappers/error_mapping.go:75.2,75.23 1 0
github.com/googlecloudplatform/gcsfuse/v2/internal/fs/wrappers/error_mapping.go:80.72,84.2 1 0
github.com/googlecloudplatform/gcsfuse/v2/internal/fs/wrappers/error_mapping.go:90.39,93.14 2 0
github.com/googlecloudplatform/gcsfuse/v2/internal/fs/wrappers/error_mapping.go:93.14,95.3 1 0
github.com/googlecloudplatform/gcsfuse/v2/internal/fs/wrappers/error_mapping.go:98.62,100.48 2 0
github.com/googlecloudplatform/gcsfuse/v2/internal/fs/wrappers/error_mapping.go:100.48,102.3 1 0
github.com/googlecloudplatform/gcsfuse/v2/internal/fs/wrappers/error_mapping.go:103.2,103.14 1 0
github.com/googlecloudplatform/gcsfuse/v2/internal/fs/wrappers/error_mapping.go:106.35,110.2 2 0
github.com/googlecloudplatform/gcsfuse/v2/internal/fs/wrappers/error_mapping.go:114.30,119.2 3 0
github.com/googlecloudplatform/gcsfuse/v2/internal/fs/wrappers/error_mapping.go:123.35,128.2 3 0
github.com/googlecloudplatform/gcsfuse/v2/internal/fs/wrappers/error_mapping.go:132.42,137.2 3 0
github.com/googlecloudplatform/gcsfuse/v2/internal/fs/wrappers/error_mapping.go:141.42,146.2 3 0
github.com/googlecloudplatform/gcsfuse/v2/internal/fs/wrappers/error_mapping.go:150.35,155.2 3 0
github.com/googlecloudplatform/gcsfuse/v2/internal/fs/wrappers/error_mapping.go:159.35,164.2 3 0
github.com/googlecloudplatform/gcsfuse/v2/internal/fs/wrappers/error_mapping.go:168.29,173.2 3 0
github.com/googlecloudplatform/gcsfuse/v2/internal/fs/wrappers/error_mapping.go:177.30,182.2 3 0
github.com/googlecloudplatform/gcsfuse/v2/internal/fs/wrappers/error_mapping.go:186.34,191.2 3 0
github.com/googlecloudplatform/gcsfuse/v2/internal/fs/wrappers/error_mapping.go:195.34,200.2 3 0
github.com/googlecloudplatform/gcsfuse/v2/internal/fs/wrappers/error_mapping.go:204.37,209.2 3 0
github.com/googlecloudplatform/gcsfuse/v2/internal/fs/wrappers/error_mapping.go:213.30,218.2 3 0
github.com/googlecloudplatform/gcsfuse/v2/internal/fs/wrappers/error_mapping.go:222.29,227.2 3 0
github.com/googlecloudplatform/gcsfuse/v2/internal/fs/wrappers/error_mapping.go:231.30,236.2 3 0
github.com/googlecloudplatform/gcsfuse/v2/internal/fs/wrappers/error_mapping.go:240.31,245.2 3 0
github.com/googlecloudplatform/gcsfuse/v2/internal/fs/wrappers/error_mapping.go:249.31,254.2 3 0
github.com/googlecloudplatform/gcsfuse/v2/internal/fs/wrappers/error_mapping.go:258.40,263.2 3 0
github.com/googlecloudplatform/gcsfuse/v2/internal/fs/wrappers/error_mapping.go:267.32,272.2 3 0
github.com/googlecloudplatform/gcsfuse/v2/internal/fs/wrappers/error_mapping.go:276.32,281.2 3 0
github.com/googlecloudplatform/gcsfuse/v2/internal/fs/wrappers/error_mapping.go:285.33,290.2 3 0
github.com/googlecloudplatform/gcsfuse/v2/internal/fs/wrappers/error_mapping.go:294.32,299.2 3 0
github.com/googlecloudplatform/gcsfuse/v2/internal/fs/wrappers/error_mapping.go:303.33,308.2 3 0
github.com/googlecloudplatform/gcsfuse/v2/internal/fs/wrappers/error_mapping.go:312.41,317.2 3 0
github.com/googlecloudplatform/gcsfuse/v2/internal/fs/wrappers/error_mapping.go:321.35,326.2 3 0
github.com/googlecloudplatform/gcsfuse/v2/internal/fs/wrappers/error_mapping.go:330.35,335.2 3 0
github.com/googlecloudplatform/gcsfuse/v2/internal/fs/wrappers/error_mapping.go:339.32,344.2 3 0
github.com/googlecloudplatform/gcsfuse/v2/internal/fs/wrappers/error_mapping.go:348.33,353.2 3 0
github.com/googlecloudplatform/gcsfuse/v2/internal/fs/wrappers/error_mapping.go:357.32,362.2 3 0
github.com/googlecloudplatform/gcsfuse/v2/internal/fs/wrappers/error_mapping.go:366.33,371.2 3 0
github.com/googlecloudplatform/gcsfuse/v2/internal/fs/wrappers/monitoring.go:41.13,65.18 1 1
github.com/googlecloudplatform/gcsfuse/v2/internal/fs/wrappers/monitoring.go:65.18,67.3 1 0
github.com/googlecloudplatform/gcsfuse/v2/internal/fs/wrappers/monitoring.go:72.33,73.16 1 0
github.com/googlecloudplatform/gcsfuse/v2/internal/fs/wrappers/monitoring.go:73.16,75.3 1 0
github.com/googlecloudplatform/gcsfuse/v2/internal/fs/wrappers/monitoring.go:76.2,77.28 2 0
github.com/googlecloudplatform/gcsfuse/v2/internal/fs/wrappers/monitoring.go:77.28,79.3 1 0
github.com/googlecloudplatform/gcsfuse/v2/internal/fs/wrappers/monitoring.go:80.2,80.31 1 0
github.com/googlecloudplatform/gcsfuse/v2/internal/fs/wrappers/monitoring.go:84.81,93.16 1 0
github.com/googlecloudplatform/gcsfuse/v2/internal/fs/wrappers/monitoring.go:93.16,96.3 1 0
github.com/googlecloudplatform/gcsfuse/v2/internal/fs/wrappers/monitoring.go:99.2,99.18 1 0
github.com/googlecloudplatform/gcsfuse/v2/internal/fs/wrappers/monitoring.go:99.18,107.17 1 0
github.com/googlecloudplatform/gcsfuse/v2/internal/fs/wrappers/monitoring.go:107.17,110.4 1 0
github.com/googlecloudplatform/gcsfuse/v2/internal/fs/wrappers/monitoring.go:114.2,121.16 2 0
github.com/googlecloudplatform/gcsfuse/v2/internal/fs/wrappers/monitoring.go:121.16,124.3 1 0
github.com/googlecloudplatform/gcsfuse/v2/internal/fs/wrappers/monitoring.go:129.65,133.2 1 0
github.com/googlecloudplatform/gcsfuse/v2/internal/fs/wrappers/monitoring.go:139.33,141.2 1 0
github.com/googlecloudplatform/gcsfuse/v2/internal/fs/wrappers/monitoring.go:145.30,150.2 4 0
github.com/googlecloudplatform/gcsfuse/v2/internal/fs/wrappers/monitoring.go:154.35,159.2 4 0
github.com/googlecloudplatform/gcsfuse/v2/internal/fs/wrappers/monitoring.go:163.42,168.2 4 0
github.com/googlecloudplatform/gcsfuse/v2/internal/fs/wrappers/monitoring.go:172.42,177.2 4 0
github.com/googlecloudplatform/gcsfuse/v2/internal/fs/wrappers/monitoring.go:181.35,186.2 4 0
github.com/googlecloudplatform/gcsfuse/v2/internal/fs/wrappers/monitoring.go:190.35,195.2 4 0
github.com/googlecloudplatform/gcsfuse/v2/internal/fs/wrappers/monitoring.go:199.29,204.2 4 0
github.com/googlecloudplatform/gcsfuse/v2/internal/fs/wrappers/monitoring.go:208.30,213.2 4 0
github.com/googlecloudplatform/gcsfuse/v2/internal/fs/wrappers/monitoring.go:217.34,222.2 4 0
github.com/googlecloudplatform/gcsfuse/v2/internal/fs/wrappers/monitoring.go:226.34,231.2 4 0
github.com/googlecloudplatform/gcsfuse/v2/internal/fs/wrappers/monitoring.go:235.37,240.2 4 0
github.com/googlecloudplatform/gcsfuse/v2/internal/fs/wrappers/monitoring.go:244.30,249.2 4 0
github.com/googlecloudplatform/gcsfuse/v2/internal/fs/wrappers/monitoring.go:253.29,258.2 4 0
github.com/googlecloudplatform/gcsfuse/v2/internal/fs/wrappers/monitoring.go:262.30,267.2 4 0
github.com/googlecloudplatform/gcsfuse/v2/internal/fs/wrappers/monitoring.go:271.31,276.2 4 0
github.com/googlecloudplatform/gcsfuse/v2/internal/fs/wrappers/monitoring.go:280.31,285.2 4 0
github.com/googlecloudplatform/gcsfuse/v2/internal/fs/wrappers/monitoring.go:289.40,294.2 4 0
github.com/googlecloudplatform/gcsfuse/v2/internal/fs/wrappers/monitoring.go:298.32,303.2 4 0
github.com/googlecloudplatform/gcsfuse/v2/internal/fs/wrappers/monitoring.go:307.32,312.2 4 0
github.com/googlecloudplatform/gcsfuse/v2/internal/fs/wrappers/monitoring.go:316.33,321.2 4 0
github.com/googlecloudplatform/gcsfuse/v2/internal/fs/wrappers/monitoring.go:325.32,330.2 4 0
github.com/googlecloudplatform/gcsfuse/v2/internal/fs/wrappers/monitoring.go:334.33,339.2 4 0
github.com/googlecloudplatform/gcsfuse/v2/internal/fs/wrappers/monitoring.go:343.41,348.2 4 0
github.com/googlecloudplatform/gcsfuse/v2/internal/fs/wrappers/monitoring.go:352.35,357.2 4 0
github.com/googlecloudplatform/gcsfuse/v2/internal/fs/wrappers/monitoring.go:361.35,366.2 4 0
github.com/googlecloudplatform/gcsfuse/v2/internal/fs/wrappers/monitoring.go:370.32,375.2 4 0
github.com/googlecloudplatform/gcsfuse/v2/internal/fs/wrappers/monitoring.go:379.33,384.2 4 0
github.com/googlecloudplatform/gcsfuse/v2/internal/fs/wrappers/monitoring.go:388.32,393.2 4 0
github.com/googlecloudplatform/gcsfuse/v2/internal/fs/wrappers/monitoring.go:397.33,402.2 4 0
github.com/googlecloudplatform/gcsfuse/v2/internal/locker/locker.go:31.30,33.2 1 0
github.com/googlecloudplatform/gcsfuse/v2/internal/locker/locker.go:37.28,39.2 1 0
github.com/googlecloudplatform/gcsfuse/v2/internal/locker/locker.go:44.44,47.28 2 0
github.com/googlecloudplatform/gcsfuse/v2/internal/locker/locker.go:47.28,52.3 1 0
github.com/googlecloudplatform/gcsfuse/v2/internal/locker/locker.go:54.2,54.26 1 0
github.com/googlecloudplatform/gcsfuse/v2/internal/locker/locker.go:54.26,59.3 1 0
github.com/googlecloudplatform/gcsfuse/v2/internal/locker/locker.go:61.2,61.10 1 0
github.com/googlecloudplatform/gcsfuse/v2/internal/locker/locker.go:69.26,72.2 2 0
github.com/googlecloudplatform/gcsfuse/v2/internal/locker/locker.go:74.28,77.2 2 0
github.com/googlecloudplatform/gcsfuse/v2/internal/locker/locker.go:86.27,93.49 5 0
github.com/googlecloudplatform/gcsfuse/v2/internal/locker/locker.go:93.49,95.3 1 0
github.com/googlecloudplatform/gcsfuse/v2/internal/locker/locker.go:98.29,104.2 4 0
github.com/googlecloudplatform/gcsfuse/v2/internal/locker/rw_locker.go:36.48,39.28 2 0
github.com/googlecloudplatform/gcsfuse/v2/internal/locker/rw_locker.go:39.28,44.3 1 0
github.com/googlecloudplatform/gcsfuse/v2/internal/locker/rw_locker.go:46.2,46.26 1 0
github.com/googlecloudplatform/gcsfuse/v2/internal/locker/rw_locker.go:46.26,51.3 1 0
github.com/googlecloudplatform/gcsfuse/v2/internal/locker/rw_locker.go:53.2,53.10 1 0
github.com/googlecloudplatform/gcsfuse/v2/internal/locker/rw_locker.go:61.28,64.2 2 0
github.com/googlecloudplatform/gcsfuse/v2/internal/locker/rw_locker.go:66.30,69.2 2 0
github.com/googlecloudplatform/gcsfuse/v2/internal/locker/rw_locker.go:71.29,74.2 2 0
github.com/googlecloudplatform/gcsfuse/v2/internal/locker/rw_locker.go:76.31,79.2 2 0
github.com/googlecloudplatform/gcsfuse/v2/internal/locker/rw_locker.go:91.29,98.49 5 0
github.com/googlecloudplatform/gcsfuse/v2/internal/locker/rw_locker.go:98.49,100.3 1 0
github.com/googlecloudplatform/gcsfuse/v2/internal/locker/rw_locker.go:103.31,109.2 4 0
github.com/googlecloudplatform/gcsfuse/v2/internal/locker/rw_locker.go:111.30,113.2 1 0
github.com/googlecloudplatform/gcsfuse/v2/internal/locker/rw_locker.go:115.32,117.2 1 0
github.com/googlecloudplatform/gcsfuse/v2/internal/monitor/bucket.go:41.13,70.18 1 1
github.com/googlecloudplatform/gcsfuse/v2/internal/monitor/bucket.go:70.18,72.3 1 0
github.com/googlecloudplatform/gcsfuse/v2/internal/monitor/bucket.go:76.73,83.16 1 0
github.com/googlecloudplatform/gcsfuse/v2/internal/monitor/bucket.go:83.16,86.3 1 0
github.com/googlecloudplatform/gcsfuse/v2/internal/monitor/bucket.go:88.2,96.16 3 0
github.com/googlecloudplatform/gcsfuse/v2/internal/monitor/bucket.go:96.16,99.3 1 0
github.com/googlecloudplatform/gcsfuse/v2/internal/monitor/bucket.go:103.51,107.2 1 0
github.com/googlecloudplatform/gcsfuse/v2/internal/monitor/bucket.go:113.43,115.2 1 0
github.com/googlecloudplatform/gcsfuse/v2/internal/monitor/bucket.go:117.57,119.2 1 0
github.com/googlecloudplatform/gcsfuse/v2/internal/monitor/bucket.go:123.60,127.16 3 0
github.com/googlecloudplatform/gcsfuse/v2/internal/monitor/bucket.go:127.16,129.3 1 0
github.com/googlecloudplatform/gcsfuse/v2/internal/monitor/bucket.go:131.2,132.8 2 0
github.com/googlecloudplatform/gcsfuse/v2/internal/monitor/bucket.go:137.53,142.2 4 0
github.com/googlecloudplatform/gcsfuse/v2/internal/monitor/bucket.go:146.51,151.2 4 0
github.com/googlecloudplatform/gcsfuse/v2/internal/monitor/bucket.go:155.55,160.2 4 0
github.com/googlecloudplatform/gcsfuse/v2/internal/monitor/bucket.go:164.85,169.2 4 0
github.com/googlecloudplatform/gcsfuse/v2/internal/monitor/bucket.go:173.53,178.2 4 0
github.com/googlecloudplatform/gcsfuse/v2/internal/monitor/bucket.go:182.53,187.2 4 0
github.com/googlecloudplatform/gcsfuse/v2/internal/monitor/bucket.go:191.38,196.2 4 0
github.com/googlecloudplatform/gcsfuse/v2/internal/monitor/bucket.go:198.88,203.2 4 0
github.com/googlecloudplatform/gcsfuse/v2/internal/monitor/bucket.go:205.100,210.2 4 0
github.com/googlecloudplatform/gcsfuse/v2/internal/monitor/bucket.go:212.103,217.2 4 0
github.com/googlecloudplatform/gcsfuse/v2/internal/monitor/bucket.go:219.137,224.2 4 0
github.com/googlecloudplatform/gcsfuse/v2/internal/monitor/bucket.go:227.57,234.16 1 0
github.com/googlecloudplatform/gcsfuse/v2/internal/monitor/bucket.go:234.16,236.3 1 0
github.com/googlecloudplatform/gcsfuse/v2/internal/monitor/bucket.go:240.98,247.2 2 0
github.com/googlecloudplatform/gcsfuse/v2/internal/monitor/bucket.go:255.68,257.33 2 0
github.com/googlecloudplatform/gcsfuse/v2/internal/monitor/bucket.go:257.33,259.3 1 0
github.com/googlecloudplatform/gcsfuse/v2/internal/monitor/bucket.go:260.2,260.8 1 0
github.com/googlecloudplatform/gcsfuse/v2/internal/monitor/bucket.go:263.54,265.16 2 0
github.com/googlecloudplatform/gcsfuse/v2/internal/monitor/bucket.go:265.16,267.3 1 0
github.com/googlecloudplatform/gcsfuse/v2/internal/monitor/bucket.go:268.2,269.8 2 0
github.com/googlecloudplatform/gcsfuse/v2/internal/monitor/exporter.go:36.62,37.19 1 0
github.com/googlecloudplatform/gcsfuse/v2/internal/monitor/exporter.go:37.19,39.3 1 0
github.com/googlecloudplatform/gcsfuse/v2/internal/monitor/exporter.go:41.2,44.28 2 0
github.com/googlecloudplatform/gcsfuse/v2/internal/monitor/exporter.go:44.28,46.4 1 0
github.com/googlecloudplatform/gcsfuse/v2/internal/monitor/exporter.go:52.54,54.21 2 0
github.com/googlecloudplatform/gcsfuse/v2/internal/monitor/exporter.go:54.21,56.5 1 0
github.com/googlecloudplatform/gcsfuse/v2/internal/monitor/exporter.go:57.4,57.15 1 0
github.com/googlecloudplatform/gcsfuse/v2/internal/monitor/exporter.go:59.17,61.3 1 0
github.com/googlecloudplatform/gcsfuse/v2/internal/monitor/exporter.go:62.2,62.66 1 0
github.com/googlecloudplatform/gcsfuse/v2/internal/monitor/exporter.go:62.66,64.3 1 0
github.com/googlecloudplatform/gcsfuse/v2/internal/monitor/exporter.go:66.2,67.12 2 0
github.com/googlecloudplatform/gcsfuse/v2/internal/monitor/exporter.go:72.33,73.32 1 0
github.com/googlecloudplatform/gcsfuse/v2/internal/monitor/exporter.go:73.32,76.3 2 0
github.com/googlecloudplatform/gcsfuse/v2/internal/monitor/exporter.go:77.2,77.27 1 0
github.com/googlecloudplatform/gcsfuse/v2/internal/monitor/exporter.go:85.65,86.19 1 0
github.com/googlecloudplatform/gcsfuse/v2/internal/monitor/exporter.go:86.19,88.3 1 0
github.com/googlecloudplatform/gcsfuse/v2/internal/monitor/exporter.go:90.2,95.16 2 0
github.com/googlecloudplatform/gcsfuse/v2/internal/monitor/exporter.go:95.16,97.3 1 0
github.com/googlecloudplatform/gcsfuse/v2/internal/monitor/exporter.go:99.2,101.12 3 0
github.com/googlecloudplatform/gcsfuse/v2/internal/monitor/exporter.go:106.44,107.23 1 0
github.com/googlecloudplatform/gcsfuse/v2/internal/monitor/exporter.go:107.23,110.3 2 0
github.com/googlecloudplatform/gcsfuse/v2/internal/monitor/exporter.go:111.2,111.18 1 0
github.com/googlecloudplatform/gcsfuse/v2/internal/monitor/exporter.go:119.56,120.15 1 0
github.com/googlecloudplatform/gcsfuse/v2/internal/monitor/exporter.go:120.15,122.3 1 0
github.com/googlecloudplatform/gcsfuse/v2/internal/monitor/exporter.go:124.2,124.29 1 0
github.com/googlecloudplatform/gcsfuse/v2/internal/monitor/exporter.go:124.29,126.3 1 0
github.com/googlecloudplatform/gcsfuse/v2/internal/monitor/exporter.go:128.2,128.31 1 0
github.com/googlecloudplatform/gcsfuse/v2/internal/monitor/exporter.go:128.31,130.3 1 0
github.com/googlecloudplatform/gcsfuse/v2/internal/monitor/exporter.go:132.2,135.29 2 0
github.com/googlecloudplatform/gcsfuse/v2/internal/monitor/exporter.go:135.29,137.5 1 0
github.com/googlecloudplatform/gcsfuse/v2/internal/monitor/exporter.go:139.16,141.3 1 0
github.com/googlecloudplatform/gcsfuse/v2/internal/monitor/exporter.go:143.2,155.12 5 0
github.com/googlecloudplatform/gcsfuse/v2/internal/monitor/exporter.go:155.12,156.59 1 0
github.com/googlecloudplatform/gcsfuse/v2/internal/monitor/exporter.go:156.59,158.4 1 0
github.com/googlecloudplatform/gcsfuse/v2/internal/monitor/exporter.go:161.2,162.12 2 0
github.com/googlecloudplatform/gcsfuse/v2/internal/monitor/exporter.go:166.41,167.29 1 0
github.com/googlecloudplatform/gcsfuse/v2/internal/monitor/exporter.go:167.29,168.73 1 0
github.com/googlecloudplatform/gcsfuse/v2/internal/monitor/exporter.go:168.73,170.4 1 0
github.com/googlecloudplatform/gcsfuse/v2/internal/monitor/exporter.go:173.2,173.31 1 0
github.com/googlecloudplatform/gcsfuse/v2/internal/monitor/exporter.go:173.31,175.3 1 0
github.com/googlecloudplatform/gcsfuse/v2/internal/monitor/exporter.go:177.2,178.26 2 0
github.com/googlecloudplatform/gcsfuse/v2/internal/monitor/reader.go:55.13,94.16 1 1
github.com/googlecloudplatform/gcsfuse/v2/internal/monitor/reader.go:94.16,96.3 1 0
github.com/googlecloudplatform/gcsfuse/v2/internal/monitor/reader.go:99.91,106.16 1 0
github.com/googlecloudplatform/gcsfuse/v2/internal/monitor/reader.go:106.16,109.3 1 0
github.com/googlecloudplatform/gcsfuse/v2/internal/monitor/reader.go:111.2,117.16 1 0
github.com/googlecloudplatform/gcsfuse/v2/internal/monitor/reader.go:117.16,120.3 1 0
github.com/googlecloudplatform/gcsfuse/v2/internal/monitor/reader.go:123.122,131.16 1 0
github.com/googlecloudplatform/gcsfuse/v2/internal/monitor/reader.go:131.16,134.3 1 0
github.com/googlecloudplatform/gcsfuse/v2/internal/monitor/reader.go:136.2,142.16 1 0
github.com/googlecloudplatform/gcsfuse/v2/internal/monitor/reader.go:142.16,145.3 1 0
github.com/googlecloudplatform/gcsfuse/v2/internal/monitor/reader.go:147.2,154.16 2 0
github.com/googlecloudplatform/gcsfuse/v2/internal/monitor/reader.go:154.16,157.3 1 0
github.com/googlecloudplatform/gcsfuse/v2/internal/perf/cpu.go:28.32,29.71 1 0
github.com/googlecloudplatform/gcsfuse/v2/internal/perf/cpu.go:29.71,33.17 3 0
github.com/googlecloudplatform/gcsfuse/v2/internal/perf/cpu.go:33.17,36.4 2 0
github.com/googlecloudplatform/gcsfuse/v2/internal/perf/cpu.go:38.3,38.16 1 0
github.com/googlecloudplatform/gcsfuse/v2/internal/perf/cpu.go:38.16,40.18 2 0
github.com/googlecloudplatform/gcsfuse/v2/internal/perf/cpu.go:40.18,42.5 1 0
github.com/googlecloudplatform/gcsfuse/v2/internal/perf/cpu.go:46.3,47.17 2 0
github.com/googlecloudplatform/gcsfuse/v2/internal/perf/cpu.go:47.17,50.4 2 0
github.com/googlecloudplatform/gcsfuse/v2/internal/perf/cpu.go:51.3,53.9 3 0
github.com/googlecloudplatform/gcsfuse/v2/internal/perf/cpu.go:56.2,58.14 3 0
github.com/googlecloudplatform/gcsfuse/v2/internal/perf/cpu.go:58.14,65.17 5 0
github.com/googlecloudplatform/gcsfuse/v2/internal/perf/cpu.go:65.17,67.4 1 0
github.com/googlecloudplatform/gcsfuse/v2/internal/perf/cpu.go:67.9,69.4 1 0
github.com/googlecloudplatform/gcsfuse/v2/internal/perf/memory.go:34.35,35.47 1 0
github.com/googlecloudplatform/gcsfuse/v2/internal/perf/memory.go:35.47,43.17 4 0
github.com/googlecloudplatform/gcsfuse/v2/internal/perf/memory.go:43.17,46.4 2 0
github.com/googlecloudplatform/gcsfuse/v2/internal/perf/memory.go:48.3,48.16 1 0
github.com/googlecloudplatform/gcsfuse/v2/internal/perf/memory.go:48.16,50.18 2 0
github.com/googlecloudplatform/gcsfuse/v2/internal/perf/memory.go:50.18,52.5 1 0
github.com/googlecloudplatform/gcsfuse/v2/internal/perf/memory.go:56.3,57.17 2 0
github.com/googlecloudplatform/gcsfuse/v2/internal/perf/memory.go:57.17,60.4 2 0
github.com/googlecloudplatform/gcsfuse/v2/internal/perf/memory.go:62.3,62.9 1 0
github.com/googlecloudplatform/gcsfuse/v2/internal/perf/memory.go:65.2,67.14 3 0
github.com/googlecloudplatform/gcsfuse/v2/internal/perf/memory.go:67.14,75.17 6 0
github.com/googlecloudplatform/gcsfuse/v2/internal/perf/memory.go:75.17,77.4 1 0
github.com/googlecloudplatform/gcsfuse/v2/internal/perf/memory.go:77.9,79.4 1 0
github.com/googlecloudplatform/gcsfuse/v2/internal/config/config_util.go:46.106,48.39 1 6
github.com/googlecloudplatform/gcsfuse/v2/internal/config/config_util.go:48.39,50.3 1 4
github.com/googlecloudplatform/gcsfuse/v2/internal/config/config_util.go:55.100,57.30 1 6
github.com/googlecloudplatform/gcsfuse/v2/internal/config/config_util.go:57.30,59.3 1 4
github.com/googlecloudplatform/gcsfuse/v2/internal/config/config_util.go:64.92,65.41 1 8
github.com/googlecloudplatform/gcsfuse/v2/internal/config/config_util.go:65.41,67.3 1 4
github.com/googlecloudplatform/gcsfuse/v2/internal/config/config_util.go:70.56,72.2 1 4
github.com/googlecloudplatform/gcsfuse/v2/internal/config/config_util.go:75.46,76.20 1 24
github.com/googlecloudplatform/gcsfuse/v2/internal/config/config_util.go:76.20,78.3 1 3
github.com/googlecloudplatform/gcsfuse/v2/internal/config/config_util.go:80.2,80.42 1 21
github.com/googlecloudplatform/gcsfuse/v2/internal/config/config_util.go:80.42,82.3 1 2
github.com/googlecloudplatform/gcsfuse/v2/internal/config/config_util.go:84.2,84.12 1 19
github.com/googlecloudplatform/gcsfuse/v2/internal/config/config_util.go:87.59,89.16 2 5
github.com/googlecloudplatform/gcsfuse/v2/internal/config/config_util.go:89.16,90.60 1 1
github.com/googlecloudplatform/gcsfuse/v2/internal/config/config_util.go:93.2,93.16 1 4
github.com/googlecloudplatform/gcsfuse/v2/internal/config/config_util.go:93.16,95.3 1 1
github.com/googlecloudplatform/gcsfuse/v2/internal/config/config_util.go:97.2,97.49 1 3
github.com/googlecloudplatform/gcsfuse/v2/internal/config/config_util.go:100.40,102.2 1 34
github.com/googlecloudplatform/gcsfuse/v2/internal/config/mount_config.go:179.47,185.2 1 33
github.com/googlecloudplatform/gcsfuse/v2/internal/config/mount_config.go:187.36,234.2 13 33
github.com/googlecloudplatform/gcsfuse/v2/internal/config/yaml_parser.go:51.47,52.18 1 25
github.com/googlecloudplatform/gcsfuse/v2/internal/config/yaml_parser.go:59.7,60.14 1 24
github.com/googlecloudplatform/gcsfuse/v2/internal/config/yaml_parser.go:62.2,62.14 1 1
github.com/googlecloudplatform/gcsfuse/v2/internal/config/yaml_parser.go:65.58,66.36 1 24
github.com/googlecloudplatform/gcsfuse/v2/internal/config/yaml_parser.go:66.36,68.3 1 1
github.com/googlecloudplatform/gcsfuse/v2/internal/config/yaml_parser.go:69.2,69.47 1 23
github.com/googlecloudplatform/gcsfuse/v2/internal/config/yaml_parser.go:69.47,71.3 1 1
github.com/googlecloudplatform/gcsfuse/v2/internal/config/yaml_parser.go:72.2,72.90 1 22
github.com/googlecloudplatform/gcsfuse/v2/internal/config/yaml_parser.go:72.90,74.3 1 1
github.com/googlecloudplatform/gcsfuse/v2/internal/config/yaml_parser.go:75.2,75.50 1 21
github.com/googlecloudplatform/gcsfuse/v2/internal/config/yaml_parser.go:75.50,77.3 1 1
github.com/googlecloudplatform/gcsfuse/v2/internal/config/yaml_parser.go:78.2,78.45 1 20
github.com/googlecloudplatform/gcsfuse/v2/internal/config/yaml_parser.go:78.45,80.3 1 1
github.com/googlecloudplatform/gcsfuse/v2/internal/config/yaml_parser.go:82.2,82.12 1 19
github.com/googlecloudplatform/gcsfuse/v2/internal/config/yaml_parser.go:85.66,86.64 1 19
github.com/googlecloudplatform/gcsfuse/v2/internal/config/yaml_parser.go:86.64,87.44 1 3
github.com/googlecloudplatform/gcsfuse/v2/internal/config/yaml_parser.go:87.44,89.4 1 1
github.com/googlecloudplatform/gcsfuse/v2/internal/config/yaml_parser.go:90.3,90.66 1 2
github.com/googlecloudplatform/gcsfuse/v2/internal/config/yaml_parser.go:90.66,92.4 1 1
github.com/googlecloudplatform/gcsfuse/v2/internal/config/yaml_parser.go:94.2,94.49 1 17
github.com/googlecloudplatform/gcsfuse/v2/internal/config/yaml_parser.go:94.49,96.3 1 1
github.com/googlecloudplatform/gcsfuse/v2/internal/config/yaml_parser.go:98.2,98.79 1 16
github.com/googlecloudplatform/gcsfuse/v2/internal/config/yaml_parser.go:98.79,99.50 1 3
github.com/googlecloudplatform/gcsfuse/v2/internal/config/yaml_parser.go:99.50,101.4 1 1
github.com/googlecloudplatform/gcsfuse/v2/internal/config/yaml_parser.go:102.3,102.85 1 2
github.com/googlecloudplatform/gcsfuse/v2/internal/config/yaml_parser.go:102.85,104.4 1 1
github.com/googlecloudplatform/gcsfuse/v2/internal/config/yaml_parser.go:106.2,106.12 1 14
github.com/googlecloudplatform/gcsfuse/v2/internal/config/yaml_parser.go:109.57,110.43 1 14
github.com/googlecloudplatform/gcsfuse/v2/internal/config/yaml_parser.go:110.43,112.3 1 1
github.com/googlecloudplatform/gcsfuse/v2/internal/config/yaml_parser.go:113.2,113.12 1 13
github.com/googlecloudplatform/gcsfuse/v2/internal/config/yaml_parser.go:116.60,118.16 2 13
github.com/googlecloudplatform/gcsfuse/v2/internal/config/yaml_parser.go:118.16,120.3 1 2
github.com/googlecloudplatform/gcsfuse/v2/internal/config/yaml_parser.go:121.2,121.12 1 11
github.com/googlecloudplatform/gcsfuse/v2/internal/config/yaml_parser.go:124.77,127.20 2 33
github.com/googlecloudplatform/gcsfuse/v2/internal/config/yaml_parser.go:127.20,129.3 1 1
github.com/googlecloudplatform/gcsfuse/v2/internal/config/yaml_parser.go:131.2,132.16 2 32
github.com/googlecloudplatform/gcsfuse/v2/internal/config/yaml_parser.go:132.16,135.3 2 1
github.com/googlecloudplatform/gcsfuse/v2/internal/config/yaml_parser.go:139.2,141.51 3 31
github.com/googlecloudplatform/gcsfuse/v2/internal/config/yaml_parser.go:141.51,143.20 1 6
github.com/googlecloudplatform/gcsfuse/v2/internal/config/yaml_parser.go:143.20,145.4 1 1
github.com/googlecloudplatform/gcsfuse/v2/internal/config/yaml_parser.go:146.3,146.67 1 5
github.com/googlecloudplatform/gcsfuse/v2/internal/config/yaml_parser.go:150.2,151.57 2 25
github.com/googlecloudplatform/gcsfuse/v2/internal/config/yaml_parser.go:151.57,154.3 2 1
github.com/googlecloudplatform/gcsfuse/v2/internal/config/yaml_parser.go:156.2,156.62 1 24
github.com/googlecloudplatform/gcsfuse/v2/internal/config/yaml_parser.go:156.62,158.3 1 5
github.com/googlecloudplatform/gcsfuse/v2/internal/config/yaml_parser.go:160.2,160.66 1 19
github.com/googlecloudplatform/gcsfuse/v2/internal/config/yaml_parser.go:160.66,162.3 1 5
github.com/googlecloudplatform/gcsfuse/v2/internal/config/yaml_parser.go:164.2,164.60 1 14
github.com/googlecloudplatform/gcsfuse/v2/internal/config/yaml_parser.go:164.60,166.3 1 1
github.com/googlecloudplatform/gcsfuse/v2/internal/config/yaml_parser.go:168.2,168.63 1 13
github.com/googlecloudplatform/gcsfuse/v2/internal/config/yaml_parser.go:168.63,170.3 1 2
github.com/googlecloudplatform/gcsfuse/v2/internal/config/yaml_parser.go:173.2,173.27 1 11
github.com/googlecloudplatform/gcsfuse/v2/internal/config/yaml_parser.go:173.27,175.3 1 1
github.com/googlecloudplatform/gcsfuse/v2/internal/config/yaml_parser.go:177.2,177.8 1 11
github.com/googlecloudplatform/gcsfuse/v2/internal/canned/canned.go:59.57,70.29 3 0
github.com/googlecloudplatform/gcsfuse/v2/internal/canned/canned.go:70.29,78.17 2 0
github.com/googlecloudplatform/gcsfuse/v2/internal/canned/canned.go:78.17,80.4 1 0
github.com/googlecloudplatform/gcsfuse/v2/internal/canned/canned.go:83.2,83.8 1 0
github.com/googlecloudplatform/gcsfuse/v2/internal/auth/auth.go:29.92,31.16 2 3
github.com/googlecloudplatform/gcsfuse/v2/internal/auth/auth.go:31.16,34.3 2 1
github.com/googlecloudplatform/gcsfuse/v2/internal/auth/auth.go:36.2,37.16 2 2
github.com/googlecloudplatform/gcsfuse/v2/internal/auth/auth.go:37.16,40.3 2 0
github.com/googlecloudplatform/gcsfuse/v2/internal/auth/auth.go:42.2,42.20 1 2
github.com/googlecloudplatform/gcsfuse/v2/internal/auth/auth.go:50.38,53.16 2 0
github.com/googlecloudplatform/gcsfuse/v2/internal/auth/auth.go:53.16,56.3 2 0
github.com/googlecloudplatform/gcsfuse/v2/internal/auth/auth.go:60.2,61.16 2 0
github.com/googlecloudplatform/gcsfuse/v2/internal/auth/auth.go:61.16,63.3 1 0
github.com/googlecloudplatform/gcsfuse/v2/internal/auth/auth.go:65.2,68.16 3 0
github.com/googlecloudplatform/gcsfuse/v2/internal/auth/auth.go:68.16,70.3 1 0
github.com/googlecloudplatform/gcsfuse/v2/internal/auth/auth.go:75.2,75.37 1 0
github.com/googlecloudplatform/gcsfuse/v2/internal/auth/auth.go:75.37,78.17 2 0
github.com/googlecloudplatform/gcsfuse/v2/internal/auth/auth.go:78.17,81.4 2 0
github.com/googlecloudplatform/gcsfuse/v2/internal/auth/auth.go:83.2,83.8 1 0
github.com/googlecloudplatform/gcsfuse/v2/internal/auth/auth.go:95.44,100.19 3 0
github.com/googlecloudplatform/gcsfuse/v2/internal/auth/auth.go:100.19,103.3 2 0
github.com/googlecloudplatform/gcsfuse/v2/internal/auth/auth.go:103.8,103.27 1 0
github.com/googlecloudplatform/gcsfuse/v2/internal/auth/auth.go:103.27,106.3 2 0
github.com/googlecloudplatform/gcsfuse/v2/internal/auth/auth.go:106.8,109.3 2 0
github.com/googlecloudplatform/gcsfuse/v2/internal/auth/auth.go:111.2,111.16 1 0
github.com/googlecloudplatform/gcsfuse/v2/internal/auth/auth.go:111.16,114.3 2 0
github.com/googlecloudplatform/gcsfuse/v2/internal/auth/auth.go:115.2,115.8 1 0
github.com/googlecloudplatform/gcsfuse/v2/internal/auth/proxy.go:35.38,37.16 2 0
github.com/googlecloudplatform/gcsfuse/v2/internal/auth/proxy.go:37.16,40.3 2 0
github.com/googlecloudplatform/gcsfuse/v2/internal/auth/proxy.go:42.2,43.24 2 0
github.com/googlecloudplatform/gcsfuse/v2/internal/auth/proxy.go:43.24,45.74 1 0
github.com/googlecloudplatform/gcsfuse/v2/internal/auth/proxy.go:45.74,48.5 2 0
github.com/googlecloudplatform/gcsfuse/v2/internal/auth/proxy.go:50.3,50.41 1 0
github.com/googlecloudplatform/gcsfuse/v2/internal/auth/proxy.go:53.2,58.23 2 0
github.com/googlecloudplatform/gcsfuse/v2/internal/auth/proxy.go:58.23,60.3 1 0
github.com/googlecloudplatform/gcsfuse/v2/internal/auth/proxy.go:61.2,61.16 1 0
github.com/googlecloudplatform/gcsfuse/v2/internal/auth/proxy.go:70.69,72.16 2 0
github.com/googlecloudplatform/gcsfuse/v2/internal/auth/proxy.go:72.16,75.3 2 0
github.com/googlecloudplatform/gcsfuse/v2/internal/auth/proxy.go:77.2,78.16 2 0
github.com/googlecloudplatform/gcsfuse/v2/internal/auth/proxy.go:78.16,81.3 2 0
github.com/googlecloudplatform/gcsfuse/v2/internal/auth/proxy.go:83.2,83.47 1 0
github.com/googlecloudplatform/gcsfuse/v2/internal/auth/proxy.go:83.47,89.3 2 0
github.com/googlecloudplatform/gcsfuse/v2/internal/auth/proxy.go:91.2,93.16 3 0
github.com/googlecloudplatform/gcsfuse/v2/internal/auth/proxy.go:93.16,96.3 2 0
github.com/googlecloudplatform/gcsfuse/v2/internal/auth/proxy.go:98.2,98.8 1 0
github.com/googlecloudplatform/gcsfuse/v2/internal/canned/canned.go:59.57,70.29 3 0
github.com/googlecloudplatform/gcsfuse/v2/internal/canned/canned.go:70.29,78.17 2 0
github.com/googlecloudplatform/gcsfuse/v2/internal/canned/canned.go:78.17,80.4 1 0
github.com/googlecloudplatform/gcsfuse/v2/internal/canned/canned.go:83.2,83.8 1 0
github.com/googlecloudplatform/gcsfuse/v2/internal/contentcache/contentcache.go:69.87,70.38 1 4
github.com/googlecloudplatform/gcsfuse/v2/internal/contentcache/contentcache.go:70.38,72.3 1 0
github.com/googlecloudplatform/gcsfuse/v2/internal/contentcache/contentcache.go:73.2,73.121 1 4
github.com/googlecloudplatform/gcsfuse/v2/internal/contentcache/contentcache.go:77.161,80.16 3 202
github.com/googlecloudplatform/gcsfuse/v2/internal/contentcache/contentcache.go:80.16,83.3 2 0
github.com/googlecloudplatform/gcsfuse/v2/internal/contentcache/contentcache.go:84.2,86.16 3 202
github.com/googlecloudplatform/gcsfuse/v2/internal/contentcache/contentcache.go:86.16,89.3 2 0
github.com/googlecloudplatform/gcsfuse/v2/internal/contentcache/contentcache.go:90.2,90.8 1 202
github.com/googlecloudplatform/gcsfuse/v2/internal/contentcache/contentcache.go:94.33,95.24 1 199
github.com/googlecloudplatform/gcsfuse/v2/internal/contentcache/contentcache.go:95.24,98.3 2 199
github.com/googlecloudplatform/gcsfuse/v2/internal/contentcache/contentcache.go:99.2,99.31 1 199
github.com/googlecloudplatform/gcsfuse/v2/internal/contentcache/contentcache.go:103.71,105.26 1 0
github.com/googlecloudplatform/gcsfuse/v2/internal/contentcache/contentcache.go:105.26,107.3 1 0
github.com/googlecloudplatform/gcsfuse/v2/internal/contentcache/contentcache.go:108.2,108.40 1 0
github.com/googlecloudplatform/gcsfuse/v2/internal/contentcache/contentcache.go:108.40,110.3 1 0
github.com/googlecloudplatform/gcsfuse/v2/internal/contentcache/contentcache.go:111.2,114.16 4 0
github.com/googlecloudplatform/gcsfuse/v2/internal/contentcache/contentcache.go:114.16,117.3 2 0
github.com/googlecloudplatform/gcsfuse/v2/internal/contentcache/contentcache.go:118.2,119.16 2 0
github.com/googlecloudplatform/gcsfuse/v2/internal/contentcache/contentcache.go:119.16,122.3 2 0
github.com/googlecloudplatform/gcsfuse/v2/internal/contentcache/contentcache.go:123.2,131.16 4 0
github.com/googlecloudplatform/gcsfuse/v2/internal/contentcache/contentcache.go:131.16,134.3 2 0
github.com/googlecloudplatform/gcsfuse/v2/internal/contentcache/contentcache.go:135.2,136.16 2 0
github.com/googlecloudplatform/gcsfuse/v2/internal/contentcache/contentcache.go:136.16,138.3 1 0
github.com/googlecloudplatform/gcsfuse/v2/internal/contentcache/contentcache.go:139.2,144.42 2 0
github.com/googlecloudplatform/gcsfuse/v2/internal/contentcache/contentcache.go:149.45,150.21 1 0
github.com/googlecloudplatform/gcsfuse/v2/internal/contentcache/contentcache.go:150.21,152.3 1 0
github.com/googlecloudplatform/gcsfuse/v2/internal/contentcache/contentcache.go:153.2,155.16 3 0
github.com/googlecloudplatform/gcsfuse/v2/internal/contentcache/contentcache.go:155.16,159.3 1 0
github.com/googlecloudplatform/gcsfuse/v2/internal/contentcache/contentcache.go:160.2,161.38 2 0
github.com/googlecloudplatform/gcsfuse/v2/internal/contentcache/contentcache.go:161.38,163.17 2 0
github.com/googlecloudplatform/gcsfuse/v2/internal/contentcache/contentcache.go:163.17,167.4 1 0
github.com/googlecloudplatform/gcsfuse/v2/internal/contentcache/contentcache.go:169.2,169.37 1 0
github.com/googlecloudplatform/gcsfuse/v2/internal/contentcache/contentcache.go:169.37,171.3 1 0
github.com/googlecloudplatform/gcsfuse/v2/internal/contentcache/contentcache.go:172.2,172.12 1 0
github.com/googlecloudplatform/gcsfuse/v2/internal/contentcache/contentcache.go:176.41,178.16 2 0
github.com/googlecloudplatform/gcsfuse/v2/internal/contentcache/contentcache.go:178.16,180.3 1 0
github.com/googlecloudplatform/gcsfuse/v2/internal/contentcache/contentcache.go:181.2,181.14 1 0
github.com/googlecloudplatform/gcsfuse/v2/internal/contentcache/contentcache.go:185.67,191.2 1 4
github.com/googlecloudplatform/gcsfuse/v2/internal/contentcache/contentcache.go:195.77,197.2 1 0
github.com/googlecloudplatform/gcsfuse/v2/internal/contentcache/contentcache.go:201.149,204.63 3 201
github.com/googlecloudplatform/gcsfuse/v2/internal/contentcache/contentcache.go:204.63,206.3 1 99
github.com/googlecloudplatform/gcsfuse/v2/internal/contentcache/contentcache.go:208.2,209.16 2 201
github.com/googlecloudplatform/gcsfuse/v2/internal/contentcache/contentcache.go:209.16,211.3 1 0
github.com/googlecloudplatform/gcsfuse/v2/internal/contentcache/contentcache.go:212.2,222.16 5 201
github.com/googlecloudplatform/gcsfuse/v2/internal/contentcache/contentcache.go:222.16,224.3 1 0
github.com/googlecloudplatform/gcsfuse/v2/internal/contentcache/contentcache.go:225.2,231.25 3 201
github.com/googlecloudplatform/gcsfuse/v2/internal/contentcache/contentcache.go:236.81,241.2 4 100
github.com/googlecloudplatform/gcsfuse/v2/internal/contentcache/contentcache.go:245.63,248.63 3 100
github.com/googlecloudplatform/gcsfuse/v2/internal/contentcache/contentcache.go:248.63,251.3 2 100
github.com/googlecloudplatform/gcsfuse/v2/internal/contentcache/contentcache.go:255.81,257.2 1 201
github.com/googlecloudplatform/gcsfuse/v2/internal/contentcache/contentcache.go:260.76,262.2 1 0
github.com/googlecloudplatform/gcsfuse/v2/internal/contentcache/contentcache.go:265.35,269.2 3 1
github.com/googlecloudplatform/gcsfuse/v2/internal/locker/locker.go:31.30,33.2 1 0
github.com/googlecloudplatform/gcsfuse/v2/internal/locker/locker.go:37.28,39.2 1 0
github.com/googlecloudplatform/gcsfuse/v2/internal/locker/locker.go:44.44,47.28 2 0
github.com/googlecloudplatform/gcsfuse/v2/internal/locker/locker.go:47.28,52.3 1 0
github.com/googlecloudplatform/gcsfuse/v2/internal/locker/locker.go:54.2,54.26 1 0
github.com/googlecloudplatform/gcsfuse/v2/internal/locker/locker.go:54.26,59.3 1 0
github.com/googlecloudplatform/gcsfuse/v2/internal/locker/locker.go:61.2,61.10 1 0
github.com/googlecloudplatform/gcsfuse/v2/internal/locker/locker.go:69.26,72.2 2 0
github.com/googlecloudplatform/gcsfuse/v2/internal/locker/locker.go:74.28,77.2 2 0
github.com/googlecloudplatform/gcsfuse/v2/internal/locker/locker.go:86.27,93.49 5 0
github.com/googlecloudplatform/gcsfuse/v2/internal/locker/locker.go:93.49,95.3 1 0
github.com/googlecloudplatform/gcsfuse/v2/internal/locker/locker.go:98.29,104.2 4 0
github.com/googlecloudplatform/gcsfuse/v2/internal/locker/rw_locker.go:36.48,39.28 2 0
github.com/googlecloudplatform/gcsfuse/v2/internal/locker/rw_locker.go:39.28,44.3 1 0
github.com/googlecloudplatform/gcsfuse/v2/internal/locker/rw_locker.go:46.2,46.26 1 0
github.com/googlecloudplatform/gcsfuse/v2/internal/locker/rw_locker.go:46.26,51.3 1 0
github.com/googlecloudplatform/gcsfuse/v2/internal/locker/rw_locker.go:53.2,53.10 1 0
github.com/googlecloudplatform/gcsfuse/v2/internal/locker/rw_locker.go:61.28,64.2 2 0
github.com/googlecloudplatform/gcsfuse/v2/internal/locker/rw_locker.go:66.30,69.2 2 0
github.com/googlecloudplatform/gcsfuse/v2/internal/locker/rw_locker.go:71.29,74.2 2 0
github.com/googlecloudplatform/gcsfuse/v2/internal/locker/rw_locker.go:76.31,79.2 2 0
github.com/googlecloudplatform/gcsfuse/v2/internal/locker/rw_locker.go:91.29,98.49 5 0
github.com/googlecloudplatform/gcsfuse/v2/internal/locker/rw_locker.go:98.49,100.3 1 0
github.com/googlecloudplatform/gcsfuse/v2/internal/locker/rw_locker.go:103.31,109.2 4 0
github.com/googlecloudplatform/gcsfuse/v2/internal/locker/rw_locker.go:111.30,113.2 1 0
github.com/googlecloudplatform/gcsfuse/v2/internal/locker/rw_locker.go:115.32,117.2 1 0
github.com/googlecloudplatform/gcsfuse/v2/internal/monitor/bucket.go:41.13,70.18 1 1
github.com/googlecloudplatform/gcsfuse/v2/internal/monitor/bucket.go:70.18,72.3 1 0
github.com/googlecloudplatform/gcsfuse/v2/internal/monitor/bucket.go:76.73,83.16 1 0
github.com/googlecloudplatform/gcsfuse/v2/internal/monitor/bucket.go:83.16,86.3 1 0
github.com/googlecloudplatform/gcsfuse/v2/internal/monitor/bucket.go:88.2,96.16 3 0
github.com/googlecloudplatform/gcsfuse/v2/internal/monitor/bucket.go:96.16,99.3 1 0
github.com/googlecloudplatform/gcsfuse/v2/internal/monitor/bucket.go:103.51,107.2 1 0
github.com/googlecloudplatform/gcsfuse/v2/internal/monitor/bucket.go:113.43,115.2 1 0
github.com/googlecloudplatform/gcsfuse/v2/internal/monitor/bucket.go:117.57,119.2 1 0
github.com/googlecloudplatform/gcsfuse/v2/internal/monitor/bucket.go:123.60,127.16 3 0
github.com/googlecloudplatform/gcsfuse/v2/internal/monitor/bucket.go:127.16,129.3 1 0
github.com/googlecloudplatform/gcsfuse/v2/internal/monitor/bucket.go:131.2,132.8 2 0
github.com/googlecloudplatform/gcsfuse/v2/internal/monitor/bucket.go:137.53,142.2 4 0
github.com/googlecloudplatform/gcsfuse/v2/internal/monitor/bucket.go:146.51,151.2 4 0
github.com/googlecloudplatform/gcsfuse/v2/internal/monitor/bucket.go:155.55,160.2 4 0
github.com/googlecloudplatform/gcsfuse/v2/internal/monitor/bucket.go:164.85,169.2 4 0
github.com/googlecloudplatform/gcsfuse/v2/internal/monitor/bucket.go:173.53,178.2 4 0
github.com/googlecloudplatform/gcsfuse/v2/internal/monitor/bucket.go:182.53,187.2 4 0
github.com/googlecloudplatform/gcsfuse/v2/internal/monitor/bucket.go:191.38,196.2 4 0
github.com/googlecloudplatform/gcsfuse/v2/internal/monitor/bucket.go:198.88,203.2 4 0
github.com/googlecloudplatform/gcsfuse/v2/internal/monitor/bucket.go:205.100,210.2 4 0
github.com/googlecloudplatform/gcsfuse/v2/internal/monitor/bucket.go:212.103,217.2 4 0
github.com/googlecloudplatform/gcsfuse/v2/internal/monitor/bucket.go:219.137,224.2 4 0
github.com/googlecloudplatform/gcsfuse/v2/internal/monitor/bucket.go:227.57,234.16 1 0
github.com/googlecloudplatform/gcsfuse/v2/internal/monitor/bucket.go:234.16,236.3 1 0
github.com/googlecloudplatform/gcsfuse/v2/internal/monitor/bucket.go:240.98,247.2 2 0
github.com/googlecloudplatform/gcsfuse/v2/internal/monitor/bucket.go:255.68,257.33 2 0
github.com/googlecloudplatform/gcsfuse/v2/internal/monitor/bucket.go:257.33,259.3 1 0
github.com/googlecloudplatform/gcsfuse/v2/internal/monitor/bucket.go:260.2,260.8 1 0
github.com/googlecloudplatform/gcsfuse/v2/internal/monitor/bucket.go:263.54,265.16 2 0
github.com/googlecloudplatform/gcsfuse/v2/internal/monitor/bucket.go:265.16,267.3 1 0
github.com/googlecloudplatform/gcsfuse/v2/internal/monitor/bucket.go:268.2,269.8 2 0
github.com/googlecloudplatform/gcsfuse/v2/internal/monitor/exporter.go:36.62,37.19 1 0
github.com/googlecloudplatform/gcsfuse/v2/internal/monitor/exporter.go:37.19,39.3 1 0
github.com/googlecloudplatform/gcsfuse/v2/internal/monitor/exporter.go:41.2,44.28 2 0
github.com/googlecloudplatform/gcsfuse/v2/internal/monitor/exporter.go:44.28,46.4 1 0
github.com/googlecloudplatform/gcsfuse/v2/internal/monitor/exporter.go:52.54,54.21 2 0
github.com/googlecloudplatform/gcsfuse/v2/internal/monitor/exporter.go:54.21,56.5 1 0
github.com/googlecloudplatform/gcsfuse/v2/internal/monitor/exporter.go:57.4,57.15 1 0
github.com/googlecloudplatform/gcsfuse/v2/internal/monitor/exporter.go:59.17,61.3 1 0
github.com/googlecloudplatform/gcsfuse/v2/internal/monitor/exporter.go:62.2,62.66 1 0
github.com/googlecloudplatform/gcsfuse/v2/internal/monitor/exporter.go:62.66,64.3 1 0
github.com/googlecloudplatform/gcsfuse/v2/internal/monitor/exporter.go:66.2,67.12 2 0
github.com/googlecloudplatform/gcsfuse/v2/internal/monitor/exporter.go:72.33,73.32 1 0
github.com/googlecloudplatform/gcsfuse/v2/internal/monitor/exporter.go:73.32,76.3 2 0
github.com/googlecloudplatform/gcsfuse/v2/internal/monitor/exporter.go:77.2,77.27 1 0
github.com/googlecloudplatform/gcsfuse/v2/internal/monitor/exporter.go:85.65,86.19 1 0
github.com/googlecloudplatform/gcsfuse/v2/internal/monitor/exporter.go:86.19,88.3 1 0
github.com/googlecloudplatform/gcsfuse/v2/internal/monitor/exporter.go:90.2,95.16 2 0
github.com/googlecloudplatform/gcsfuse/v2/internal/monitor/exporter.go:95.16,97.3 1 0
github.com/googlecloudplatform/gcsfuse/v2/internal/monitor/exporter.go:99.2,101.12 3 0
github.com/googlecloudplatform/gcsfuse/v2/internal/monitor/exporter.go:106.44,107.23 1 0
github.com/googlecloudplatform/gcsfuse/v2/internal/monitor/exporter.go:107.23,110.3 2 0
github.com/googlecloudplatform/gcsfuse/v2/internal/monitor/exporter.go:111.2,111.18 1 0
github.com/googlecloudplatform/gcsfuse/v2/internal/monitor/exporter.go:119.56,120.15 1 0
github.com/googlecloudplatform/gcsfuse/v2/internal/monitor/exporter.go:120.15,122.3 1 0
github.com/googlecloudplatform/gcsfuse/v2/internal/monitor/exporter.go:124.2,124.29 1 0
github.com/googlecloudplatform/gcsfuse/v2/internal/monitor/exporter.go:124.29,126.3 1 0
github.com/googlecloudplatform/gcsfuse/v2/internal/monitor/exporter.go:128.2,128.31 1 0
github.com/googlecloudplatform/gcsfuse/v2/internal/monitor/exporter.go:128.31,130.3 1 0
github.com/googlecloudplatform/gcsfuse/v2/internal/monitor/exporter.go:132.2,135.29 2 0
github.com/googlecloudplatform/gcsfuse/v2/internal/monitor/exporter.go:135.29,137.5 1 0
github.com/googlecloudplatform/gcsfuse/v2/internal/monitor/exporter.go:139.16,141.3 1 0
github.com/googlecloudplatform/gcsfuse/v2/internal/monitor/exporter.go:143.2,155.12 5 0
github.com/googlecloudplatform/gcsfuse/v2/internal/monitor/exporter.go:155.12,156.59 1 0
github.com/googlecloudplatform/gcsfuse/v2/internal/monitor/exporter.go:156.59,158.4 1 0
github.com/googlecloudplatform/gcsfuse/v2/internal/monitor/exporter.go:161.2,162.12 2 0
github.com/googlecloudplatform/gcsfuse/v2/internal/monitor/exporter.go:166.41,167.29 1 0
github.com/googlecloudplatform/gcsfuse/v2/internal/monitor/exporter.go:167.29,168.73 1 0
github.com/googlecloudplatform/gcsfuse/v2/internal/monitor/exporter.go:168.73,170.4 1 0
github.com/googlecloudplatform/gcsfuse/v2/internal/monitor/exporter.go:173.2,173.31 1 0
github.com/googlecloudplatform/gcsfuse/v2/internal/monitor/exporter.go:173.31,175.3 1 0
github.com/googlecloudplatform/gcsfuse/v2/internal/monitor/exporter.go:177.2,178.26 2 0
github.com/googlecloudplatform/gcsfuse/v2/internal/monitor/reader.go:55.13,94.16 1 1
github.com/googlecloudplatform/gcsfuse/v2/internal/monitor/reader.go:94.16,96.3 1 0
github.com/googlecloudplatform/gcsfuse/v2/internal/monitor/reader.go:99.91,106.16 1 0
github.com/googlecloudplatform/gcsfuse/v2/internal/monitor/reader.go:106.16,109.3 1 0
github.com/googlecloudplatform/gcsfuse/v2/internal/monitor/reader.go:111.2,117.16 1 0
github.com/googlecloudplatform/gcsfuse/v2/internal/monitor/reader.go:117.16,120.3 1 0
github.com/googlecloudplatform/gcsfuse/v2/internal/monitor/reader.go:123.122,131.16 1 0
github.com/googlecloudplatform/gcsfuse/v2/internal/monitor/reader.go:131.16,134.3 1 0
github.com/googlecloudplatform/gcsfuse/v2/internal/monitor/reader.go:136.2,142.16 1 0
github.com/googlecloudplatform/gcsfuse/v2/internal/monitor/reader.go:142.16,145.3 1 0
github.com/googlecloudplatform/gcsfuse/v2/internal/monitor/reader.go:147.2,154.16 2 0
github.com/googlecloudplatform/gcsfuse/v2/internal/monitor/reader.go:154.16,157.3 1 0
github.com/googlecloudplatform/gcsfuse/v2/cmd/flags.go:44.13,64.2 1 1
github.com/googlecloudplatform/gcsfuse/v2/cmd/flags.go:66.30,402.2 6 14
github.com/googlecloudplatform/gcsfuse/v2/cmd/flags.go:541.90,543.44 2 5
github.com/googlecloudplatform/gcsfuse/v2/cmd/flags.go:543.44,545.3 1 1
github.com/googlecloudplatform/gcsfuse/v2/cmd/flags.go:547.2,548.26 2 4
github.com/googlecloudplatform/gcsfuse/v2/cmd/flags.go:552.81,555.16 3 3
github.com/googlecloudplatform/gcsfuse/v2/cmd/flags.go:555.16,557.3 1 0
github.com/googlecloudplatform/gcsfuse/v2/cmd/flags.go:559.2,560.8 2 3
github.com/googlecloudplatform/gcsfuse/v2/cmd/flags.go:567.66,569.16 2 1
github.com/googlecloudplatform/gcsfuse/v2/cmd/flags.go:569.16,571.3 1 0
github.com/googlecloudplatform/gcsfuse/v2/cmd/flags.go:573.2,573.8 1 1
github.com/googlecloudplatform/gcsfuse/v2/cmd/flags.go:577.74,581.16 3 2
github.com/googlecloudplatform/gcsfuse/v2/cmd/flags.go:581.16,583.3 1 0
github.com/googlecloudplatform/gcsfuse/v2/cmd/flags.go:585.2,585.8 1 2
github.com/googlecloudplatform/gcsfuse/v2/cmd/flags.go:590.68,594.29 3 12
github.com/googlecloudplatform/gcsfuse/v2/cmd/flags.go:594.29,596.3 1 12
github.com/googlecloudplatform/gcsfuse/v2/cmd/flags.go:596.8,598.50 2 0
github.com/googlecloudplatform/gcsfuse/v2/cmd/flags.go:598.50,601.4 2 0
github.com/googlecloudplatform/gcsfuse/v2/cmd/flags.go:604.2,667.8 5 12
github.com/googlecloudplatform/gcsfuse/v2/cmd/flags.go:670.69,671.14 1 18
github.com/googlecloudplatform/gcsfuse/v2/cmd/flags.go:672.58,673.14 1 13
github.com/googlecloudplatform/gcsfuse/v2/cmd/flags.go:674.61,675.14 1 14
github.com/googlecloudplatform/gcsfuse/v2/cmd/flags.go:676.62,677.13 1 16
github.com/googlecloudplatform/gcsfuse/v2/cmd/flags.go:678.10,679.69 1 2
github.com/googlecloudplatform/gcsfuse/v2/cmd/flags.go:683.52,684.92 1 20
github.com/googlecloudplatform/gcsfuse/v2/cmd/flags.go:684.92,686.3 1 2
github.com/googlecloudplatform/gcsfuse/v2/cmd/flags.go:688.2,688.110 1 18
github.com/googlecloudplatform/gcsfuse/v2/cmd/flags.go:688.110,690.3 1 2
github.com/googlecloudplatform/gcsfuse/v2/cmd/flags.go:692.2,692.80 1 16
github.com/googlecloudplatform/gcsfuse/v2/cmd/flags.go:692.80,694.3 1 0
github.com/googlecloudplatform/gcsfuse/v2/cmd/flags.go:696.2,696.8 1 16
github.com/googlecloudplatform/gcsfuse/v2/cmd/flags.go:705.51,707.16 2 2
github.com/googlecloudplatform/gcsfuse/v2/cmd/flags.go:707.16,710.3 2 0
github.com/googlecloudplatform/gcsfuse/v2/cmd/flags.go:712.2,713.8 2 2
github.com/googlecloudplatform/gcsfuse/v2/cmd/flags.go:716.36,718.2 1 28
github.com/googlecloudplatform/gcsfuse/v2/cmd/legacy_main.go:58.47,64.12 3 0
github.com/googlecloudplatform/gcsfuse/v2/cmd/legacy_main.go:64.12,65.7 1 0
github.com/googlecloudplatform/gcsfuse/v2/cmd/legacy_main.go:65.7,70.18 4 0
github.com/googlecloudplatform/gcsfuse/v2/cmd/legacy_main.go:70.18,72.5 1 0
github.com/googlecloudplatform/gcsfuse/v2/cmd/legacy_main.go:72.10,75.5 2 0
github.com/googlecloudplatform/gcsfuse/v2/cmd/legacy_main.go:80.57,82.39 2 8
github.com/googlecloudplatform/gcsfuse/v2/cmd/legacy_main.go:82.39,85.3 2 2
github.com/googlecloudplatform/gcsfuse/v2/cmd/legacy_main.go:85.8,85.29 1 6
github.com/googlecloudplatform/gcsfuse/v2/cmd/legacy_main.go:85.29,87.3 1 6
github.com/googlecloudplatform/gcsfuse/v2/cmd/legacy_main.go:87.8,89.3 1 0
github.com/googlecloudplatform/gcsfuse/v2/cmd/legacy_main.go:92.68,95.44 2 8
github.com/googlecloudplatform/gcsfuse/v2/cmd/legacy_main.go:95.44,97.3 1 2
github.com/googlecloudplatform/gcsfuse/v2/cmd/legacy_main.go:98.2,99.55 2 8
github.com/googlecloudplatform/gcsfuse/v2/cmd/legacy_main.go:99.55,101.3 1 1
github.com/googlecloudplatform/gcsfuse/v2/cmd/legacy_main.go:102.2,102.81 1 8
github.com/googlecloudplatform/gcsfuse/v2/cmd/legacy_main.go:104.149,126.2 4 2
github.com/googlecloudplatform/gcsfuse/v2/cmd/legacy_main.go:138.66,140.46 1 0
github.com/googlecloudplatform/gcsfuse/v2/cmd/legacy_main.go:140.46,142.3 1 0
github.com/googlecloudplatform/gcsfuse/v2/cmd/legacy_main.go:143.2,143.30 1 0
github.com/googlecloudplatform/gcsfuse/v2/cmd/legacy_main.go:143.30,145.3 1 0
github.com/googlecloudplatform/gcsfuse/v2/cmd/legacy_main.go:151.2,152.41 2 0
github.com/googlecloudplatform/gcsfuse/v2/cmd/legacy_main.go:152.41,156.17 4 0
github.com/googlecloudplatform/gcsfuse/v2/cmd/legacy_main.go:156.17,159.4 2 0
github.com/googlecloudplatform/gcsfuse/v2/cmd/legacy_main.go:163.2,173.16 3 0
github.com/googlecloudplatform/gcsfuse/v2/cmd/legacy_main.go:173.16,176.3 2 0
github.com/googlecloudplatform/gcsfuse/v2/cmd/legacy_main.go:178.2,178.8 1 0
github.com/googlecloudplatform/gcsfuse/v2/cmd/legacy_main.go:184.13,186.19 1 20
github.com/googlecloudplatform/gcsfuse/v2/cmd/legacy_main.go:187.9,189.23 2 14
github.com/googlecloudplatform/gcsfuse/v2/cmd/legacy_main.go:191.9,193.23 2 6
github.com/googlecloudplatform/gcsfuse/v2/cmd/legacy_main.go:195.10,201.9 2 0
github.com/googlecloudplatform/gcsfuse/v2/cmd/legacy_main.go:207.2,208.16 2 20
github.com/googlecloudplatform/gcsfuse/v2/cmd/legacy_main.go:208.16,211.3 2 0
github.com/googlecloudplatform/gcsfuse/v2/cmd/legacy_main.go:212.2,212.8 1 20
[...]
github.com/googlecloudplatform/gcsfuse/v2/tools/integration_tests/util/operations/file_operations.go:250.90,252.16 2 0
github.com/googlecloudplatform/gcsfuse/v2/tools/integration_tests/util/operations/file_operations.go:252.16,254.3 1 0
github.com/googlecloudplatform/gcsfuse/v2/tools/integration_tests/util/operations/file_operations.go:257.2,261.24 3 0
github.com/googlecloudplatform/gcsfuse/v2/tools/integration_tests/util/operations/file_operations.go:261.24,263.38 1 0
github.com/googlecloudplatform/gcsfuse/v2/tools/integration_tests/util/operations/file_operations.go:263.38,265.4 1 0
github.com/googlecloudplatform/gcsfuse/v2/tools/integration_tests/util/operations/file_operations.go:267.3,268.17 2 0
github.com/googlecloudplatform/gcsfuse/v2/tools/integration_tests/util/operations/file_operations.go:268.17,270.4 1 0
github.com/googlecloudplatform/gcsfuse/v2/tools/integration_tests/util/operations/file_operations.go:272.3,272.30 1 0
github.com/googlecloudplatform/gcsfuse/v2/tools/integration_tests/util/operations/file_operations.go:274.2,274.8 1 0
github.com/googlecloudplatform/gcsfuse/v2/tools/integration_tests/util/operations/file_operations.go:277.108,281.16 3 0
github.com/googlecloudplatform/gcsfuse/v2/tools/integration_tests/util/operations/file_operations.go:281.16,284.3 2 0
github.com/googlecloudplatform/gcsfuse/v2/tools/integration_tests/util/operations/file_operations.go:286.2,287.16 2 0
github.com/googlecloudplatform/gcsfuse/v2/tools/integration_tests/util/operations/file_operations.go:287.16,290.3 2 0
github.com/googlecloudplatform/gcsfuse/v2/tools/integration_tests/util/operations/file_operations.go:293.2,299.19 4 0
github.com/googlecloudplatform/gcsfuse/v2/tools/integration_tests/util/operations/file_operations.go:299.19,301.3 1 0
github.com/googlecloudplatform/gcsfuse/v2/tools/integration_tests/util/operations/file_operations.go:302.2,302.16 1 0
github.com/googlecloudplatform/gcsfuse/v2/tools/integration_tests/util/operations/file_operations.go:302.16,304.3 1 0
github.com/googlecloudplatform/gcsfuse/v2/tools/integration_tests/util/operations/file_operations.go:307.2,307.82 1 0
github.com/googlecloudplatform/gcsfuse/v2/tools/integration_tests/util/operations/file_operations.go:307.82,309.3 1 0
github.com/googlecloudplatform/gcsfuse/v2/tools/integration_tests/util/operations/file_operations.go:311.2,311.8 1 0
github.com/googlecloudplatform/gcsfuse/v2/tools/integration_tests/util/operations/file_operations.go:316.50,318.16 2 0
github.com/googlecloudplatform/gcsfuse/v2/tools/integration_tests/util/operations/file_operations.go:318.16,320.3 1 0
github.com/googlecloudplatform/gcsfuse/v2/tools/integration_tests/util/operations/file_operations.go:320.8,320.26 1 0
github.com/googlecloudplatform/gcsfuse/v2/tools/integration_tests/util/operations/file_operations.go:320.26,322.3 1 0
github.com/googlecloudplatform/gcsfuse/v2/tools/integration_tests/util/operations/file_operations.go:324.2,324.20 1 0
github.com/googlecloudplatform/gcsfuse/v2/tools/integration_tests/util/operations/file_operations.go:327.60,329.16 2 0
github.com/googlecloudplatform/gcsfuse/v2/tools/integration_tests/util/operations/file_operations.go:329.16,331.3 1 0
github.com/googlecloudplatform/gcsfuse/v2/tools/integration_tests/util/operations/file_operations.go:333.2,333.15 1 0
github.com/googlecloudplatform/gcsfuse/v2/tools/integration_tests/util/operations/file_operations.go:336.72,338.16 2 0
github.com/googlecloudplatform/gcsfuse/v2/tools/integration_tests/util/operations/file_operations.go:338.16,340.3 1 0
github.com/googlecloudplatform/gcsfuse/v2/tools/integration_tests/util/operations/file_operations.go:341.2,341.36 1 0
github.com/googlecloudplatform/gcsfuse/v2/tools/integration_tests/util/operations/file_operations.go:341.36,343.3 1 0
github.com/googlecloudplatform/gcsfuse/v2/tools/integration_tests/util/operations/file_operations.go:345.2,345.12 1 0
github.com/googlecloudplatform/gcsfuse/v2/tools/integration_tests/util/operations/file_operations.go:355.67,356.40 1 0
github.com/googlecloudplatform/gcsfuse/v2/tools/integration_tests/util/operations/file_operations.go:356.40,358.3 1 0
github.com/googlecloudplatform/gcsfuse/v2/tools/integration_tests/util/operations/file_operations.go:358.8,358.35 1 0
github.com/googlecloudplatform/gcsfuse/v2/tools/integration_tests/util/operations/file_operations.go:358.35,360.3 1 0
github.com/googlecloudplatform/gcsfuse/v2/tools/integration_tests/util/operations/file_operations.go:362.2,363.16 2 0
github.com/googlecloudplatform/gcsfuse/v2/tools/integration_tests/util/operations/file_operations.go:363.16,365.3 1 0
github.com/googlecloudplatform/gcsfuse/v2/tools/integration_tests/util/operations/file_operations.go:367.2,368.16 2 0
github.com/googlecloudplatform/gcsfuse/v2/tools/integration_tests/util/operations/file_operations.go:368.16,370.3 1 0
github.com/googlecloudplatform/gcsfuse/v2/tools/integration_tests/util/operations/file_operations.go:372.2,374.28 3 0
github.com/googlecloudplatform/gcsfuse/v2/tools/integration_tests/util/operations/file_operations.go:374.28,376.3 1 0
github.com/googlecloudplatform/gcsfuse/v2/tools/integration_tests/util/operations/file_operations.go:378.2,378.20 1 0
github.com/googlecloudplatform/gcsfuse/v2/tools/integration_tests/util/operations/file_operations.go:378.20,380.3 1 0
github.com/googlecloudplatform/gcsfuse/v2/tools/integration_tests/util/operations/file_operations.go:382.2,383.16 2 0
github.com/googlecloudplatform/gcsfuse/v2/tools/integration_tests/util/operations/file_operations.go:383.16,385.3 1 0
github.com/googlecloudplatform/gcsfuse/v2/tools/integration_tests/util/operations/file_operations.go:387.2,390.16 3 0
github.com/googlecloudplatform/gcsfuse/v2/tools/integration_tests/util/operations/file_operations.go:390.16,392.3 1 0
github.com/googlecloudplatform/gcsfuse/v2/tools/integration_tests/util/operations/file_operations.go:394.2,401.24 6 0
github.com/googlecloudplatform/gcsfuse/v2/tools/integration_tests/util/operations/file_operations.go:401.24,402.52 1 0
github.com/googlecloudplatform/gcsfuse/v2/tools/integration_tests/util/operations/file_operations.go:402.52,404.4 1 0
github.com/googlecloudplatform/gcsfuse/v2/tools/integration_tests/util/operations/file_operations.go:406.3,407.17 2 0
github.com/googlecloudplatform/gcsfuse/v2/tools/integration_tests/util/operations/file_operations.go:407.17,409.4 1 0
github.com/googlecloudplatform/gcsfuse/v2/tools/integration_tests/util/operations/file_operations.go:411.3,412.17 2 0
github.com/googlecloudplatform/gcsfuse/v2/tools/integration_tests/util/operations/file_operations.go:412.17,414.4 1 0
github.com/googlecloudplatform/gcsfuse/v2/tools/integration_tests/util/operations/file_operations.go:416.3,416.67 1 0
github.com/googlecloudplatform/gcsfuse/v2/tools/integration_tests/util/operations/file_operations.go:416.67,418.4 1 0
github.com/googlecloudplatform/gcsfuse/v2/tools/integration_tests/util/operations/file_operations.go:420.3,420.37 1 0
github.com/googlecloudplatform/gcsfuse/v2/tools/integration_tests/util/operations/file_operations.go:423.2,423.18 1 0
github.com/googlecloudplatform/gcsfuse/v2/tools/integration_tests/util/operations/file_operations.go:429.55,431.16 2 0
github.com/googlecloudplatform/gcsfuse/v2/tools/integration_tests/util/operations/file_operations.go:431.16,433.3 1 0
github.com/googlecloudplatform/gcsfuse/v2/tools/integration_tests/util/operations/file_operations.go:438.2,439.16 2 0
github.com/googlecloudplatform/gcsfuse/v2/tools/integration_tests/util/operations/file_operations.go:439.16,441.3 1 0
github.com/googlecloudplatform/gcsfuse/v2/tools/integration_tests/util/operations/file_operations.go:443.2,443.27 1 0
github.com/googlecloudplatform/gcsfuse/v2/tools/integration_tests/util/operations/file_operations.go:449.60,451.16 2 0
github.com/googlecloudplatform/gcsfuse/v2/tools/integration_tests/util/operations/file_operations.go:451.16,453.3 1 0
github.com/googlecloudplatform/gcsfuse/v2/tools/integration_tests/util/operations/file_operations.go:455.2,455.12 1 0
github.com/googlecloudplatform/gcsfuse/v2/tools/integration_tests/util/operations/file_operations.go:461.82,463.23 2 0
github.com/googlecloudplatform/gcsfuse/v2/tools/integration_tests/util/operations/file_operations.go:463.23,465.3 1 0
github.com/googlecloudplatform/gcsfuse/v2/tools/integration_tests/util/operations/file_operations.go:465.8,467.3 1 0
github.com/googlecloudplatform/gcsfuse/v2/tools/integration_tests/util/operations/file_operations.go:469.2,469.12 1 0
github.com/googlecloudplatform/gcsfuse/v2/tools/integration_tests/util/operations/file_operations.go:475.47,478.2 2 0
github.com/googlecloudplatform/gcsfuse/v2/tools/integration_tests/util/operations/file_operations.go:483.60,486.2 2 0
github.com/googlecloudplatform/gcsfuse/v2/tools/integration_tests/util/operations/file_operations.go:488.84,491.16 2 0
github.com/googlecloudplatform/gcsfuse/v2/tools/integration_tests/util/operations/file_operations.go:491.16,493.3 1 0
github.com/googlecloudplatform/gcsfuse/v2/tools/integration_tests/util/operations/file_operations.go:494.2,494.8 1 0
github.com/googlecloudplatform/gcsfuse/v2/tools/integration_tests/util/operations/file_operations.go:497.60,501.16 2 0
github.com/googlecloudplatform/gcsfuse/v2/tools/integration_tests/util/operations/file_operations.go:501.16,503.3 1 0
github.com/googlecloudplatform/gcsfuse/v2/tools/integration_tests/util/operations/file_operations.go:506.91,509.16 2 0
github.com/googlecloudplatform/gcsfuse/v2/tools/integration_tests/util/operations/file_operations.go:509.16,511.3 1 0
github.com/googlecloudplatform/gcsfuse/v2/tools/integration_tests/util/operations/file_operations.go:513.2,513.38 1 0
github.com/googlecloudplatform/gcsfuse/v2/tools/integration_tests/util/operations/file_operations.go:513.38,515.3 1 0
github.com/googlecloudplatform/gcsfuse/v2/tools/integration_tests/util/operations/file_operations.go:517.2,517.27 1 0
github.com/googlecloudplatform/gcsfuse/v2/tools/integration_tests/util/operations/file_operations.go:517.27,519.3 1 0
github.com/googlecloudplatform/gcsfuse/v2/tools/integration_tests/util/operations/file_operations.go:521.2,521.28 1 0
github.com/googlecloudplatform/gcsfuse/v2/tools/integration_tests/util/operations/file_operations.go:521.28,523.3 1 0
github.com/googlecloudplatform/gcsfuse/v2/tools/integration_tests/util/operations/file_operations.go:526.69,530.16 2 0
github.com/googlecloudplatform/gcsfuse/v2/tools/integration_tests/util/operations/file_operations.go:530.16,532.3 1 0
github.com/googlecloudplatform/gcsfuse/v2/tools/integration_tests/util/operations/file_operations.go:533.2,533.43 1 0
github.com/googlecloudplatform/gcsfuse/v2/tools/integration_tests/util/operations/file_operations.go:533.43,535.3 1 0
github.com/googlecloudplatform/gcsfuse/v2/tools/integration_tests/util/operations/file_operations.go:538.84,539.19 1 0
github.com/googlecloudplatform/gcsfuse/v2/tools/integration_tests/util/operations/file_operations.go:539.19,541.3 1 0
github.com/googlecloudplatform/gcsfuse/v2/tools/integration_tests/util/operations/file_operations.go:542.2,542.30 1 0
github.com/googlecloudplatform/gcsfuse/v2/tools/integration_tests/util/operations/file_operations.go:542.30,544.3 1 0
github.com/googlecloudplatform/gcsfuse/v2/tools/integration_tests/util/operations/file_operations.go:545.2,546.16 2 0
github.com/googlecloudplatform/gcsfuse/v2/tools/integration_tests/util/operations/file_operations.go:546.16,548.3 1 0
github.com/googlecloudplatform/gcsfuse/v2/tools/integration_tests/util/operations/file_operations.go:549.2,549.29 1 0
github.com/googlecloudplatform/gcsfuse/v2/tools/integration_tests/util/operations/file_operations.go:549.29,551.3 1 0
github.com/googlecloudplatform/gcsfuse/v2/tools/integration_tests/util/operations/file_operations.go:554.71,558.16 2 0
github.com/googlecloudplatform/gcsfuse/v2/tools/integration_tests/util/operations/file_operations.go:558.16,560.3 1 0
github.com/googlecloudplatform/gcsfuse/v2/tools/integration_tests/util/operations/file_operations.go:561.2,561.33 1 0
github.com/googlecloudplatform/gcsfuse/v2/tools/integration_tests/util/operations/file_operations.go:561.33,563.3 1 0
github.com/googlecloudplatform/gcsfuse/v2/tools/integration_tests/util/operations/file_operations.go:566.67,568.16 2 0
github.com/googlecloudplatform/gcsfuse/v2/tools/integration_tests/util/operations/file_operations.go:568.16,570.3 1 0
github.com/googlecloudplatform/gcsfuse/v2/tools/integration_tests/util/operations/file_operations.go:573.71,575.16 2 0
github.com/googlecloudplatform/gcsfuse/v2/tools/integration_tests/util/operations/file_operations.go:575.16,577.3 1 0
github.com/googlecloudplatform/gcsfuse/v2/tools/integration_tests/util/operations/file_operations.go:580.64,581.37 1 0
github.com/googlecloudplatform/gcsfuse/v2/tools/integration_tests/util/operations/file_operations.go:581.37,583.3 1 0
github.com/googlecloudplatform/gcsfuse/v2/tools/integration_tests/util/operations/file_operations.go:586.42,590.16 2 0
github.com/googlecloudplatform/gcsfuse/v2/tools/integration_tests/util/operations/file_operations.go:590.16,592.3 1 0
github.com/googlecloudplatform/gcsfuse/v2/tools/integration_tests/util/operations/file_operations.go:596.32,600.2 3 0
github.com/googlecloudplatform/gcsfuse/v2/tools/integration_tests/util/operations/file_operations.go:603.70,605.16 2 0
github.com/googlecloudplatform/gcsfuse/v2/tools/integration_tests/util/operations/file_operations.go:605.16,607.3 1 0
github.com/googlecloudplatform/gcsfuse/v2/tools/integration_tests/util/operations/file_operations.go:608.2,608.77 1 0
github.com/googlecloudplatform/gcsfuse/v2/tools/integration_tests/util/operations/file_operations.go:612.52,616.48 3 0
github.com/googlecloudplatform/gcsfuse/v2/tools/integration_tests/util/operations/file_operations.go:616.48,618.3 1 0
github.com/googlecloudplatform/gcsfuse/v2/tools/integration_tests/util/operations/file_operations.go:620.2,620.28 1 0
github.com/googlecloudplatform/gcsfuse/v2/tools/integration_tests/util/operations/file_operations.go:624.58,627.16 2 0
github.com/googlecloudplatform/gcsfuse/v2/tools/integration_tests/util/operations/file_operations.go:627.16,629.3 1 0
github.com/googlecloudplatform/gcsfuse/v2/tools/integration_tests/util/operations/file_operations.go:630.2,632.29 2 0
github.com/googlecloudplatform/gcsfuse/v2/tools/integration_tests/util/operations/file_operations.go:637.58,639.16 2 0
github.com/googlecloudplatform/gcsfuse/v2/tools/integration_tests/util/operations/file_operations.go:639.16,641.3 1 0
github.com/googlecloudplatform/gcsfuse/v2/tools/integration_tests/util/operations/file_operations.go:643.2,643.29 1 0
github.com/googlecloudplatform/gcsfuse/v2/tools/integration_tests/util/operations/operations.go:27.60,31.16 4 0
github.com/googlecloudplatform/gcsfuse/v2/tools/integration_tests/util/operations/operations.go:31.16,33.3 1 0
github.com/googlecloudplatform/gcsfuse/v2/tools/integration_tests/util/operations/operations.go:34.2,34.18 1 0
github.com/googlecloudplatform/gcsfuse/v2/tools/integration_tests/util/operations/operations.go:38.83,43.2 3 0
github.com/googlecloudplatform/gcsfuse/v2/tools/integration_tests/util/operations/operations.go:46.96,52.2 4 0
github.com/googlecloudplatform/gcsfuse/v2/tools/integration_tests/util/operations/operations.go:54.48,62.16 6 0
github.com/googlecloudplatform/gcsfuse/v2/tools/integration_tests/util/operations/operations.go:62.16,64.3 1 0
github.com/googlecloudplatform/gcsfuse/v2/tools/integration_tests/util/operations/operations.go:66.2,66.28 1 0
github.com/googlecloudplatform/gcsfuse/v2/tools/integration_tests/util/operations/operations.go:70.72,72.2 1 0
github.com/googlecloudplatform/gcsfuse/v2/tools/integration_tests/util/operations/string_operations.go:23.88,24.55 1 0
github.com/googlecloudplatform/gcsfuse/v2/tools/integration_tests/util/operations/string_operations.go:24.55,25.50 1 0
github.com/googlecloudplatform/gcsfuse/v2/tools/integration_tests/util/operations/string_operations.go:25.50,27.4 1 0
github.com/googlecloudplatform/gcsfuse/v2/tools/integration_tests/util/operations/string_operations.go:31.92,32.59 1 0
github.com/googlecloudplatform/gcsfuse/v2/tools/integration_tests/util/operations/string_operations.go:32.59,33.51 1 0
github.com/googlecloudplatform/gcsfuse/v2/tools/integration_tests/util/operations/string_operations.go:33.51,35.4 1 0
github.com/googlecloudplatform/gcsfuse/v2/tools/integration_tests/util/operations/validation_helper.go:9.58,11.79 2 0
github.com/googlecloudplatform/gcsfuse/v2/tools/integration_tests/util/operations/validation_helper.go:11.79,14.3 1 0
github.com/googlecloudplatform/gcsfuse/v2/tools/integration_tests/util/operations/validation_helper.go:17.63,18.168 1 0
github.com/googlecloudplatform/gcsfuse/v2/tools/integration_tests/util/operations/validation_helper.go:18.168,20.3 1 0
github.com/googlecloudplatform/gcsfuse/v2/tools/integration_tests/util/operations/validation_helper.go:21.2,21.71 1 0
github.com/googlecloudplatform/gcsfuse/v2/tools/build_gcsfuse/main.go:53.84,56.2 2 1
github.com/googlecloudplatform/gcsfuse/v2/tools/build_gcsfuse/main.go:56.2,62.26 2 1
github.com/googlecloudplatform/gcsfuse/v2/tools/build_gcsfuse/main.go:62.26,64.18 2 2
github.com/googlecloudplatform/gcsfuse/v2/tools/build_gcsfuse/main.go:64.18,67.5 2 0
github.com/googlecloudplatform/gcsfuse/v2/tools/build_gcsfuse/main.go:71.2,72.13 2 1
github.com/googlecloudplatform/gcsfuse/v2/tools/build_gcsfuse/main.go:72.13,75.3 2 0
github.com/googlecloudplatform/gcsfuse/v2/tools/build_gcsfuse/main.go:78.2,79.16 2 1
github.com/googlecloudplatform/gcsfuse/v2/tools/build_gcsfuse/main.go:79.16,82.3 2 0
github.com/googlecloudplatform/gcsfuse/v2/tools/build_gcsfuse/main.go:83.2,88.16 4 1
github.com/googlecloudplatform/gcsfuse/v2/tools/build_gcsfuse/main.go:88.16,91.3 2 0
github.com/googlecloudplatform/gcsfuse/v2/tools/build_gcsfuse/main.go:92.2,98.16 4 1
github.com/googlecloudplatform/gcsfuse/v2/tools/build_gcsfuse/main.go:98.16,101.3 2 0
github.com/googlecloudplatform/gcsfuse/v2/tools/build_gcsfuse/main.go:103.2,104.16 2 1
github.com/googlecloudplatform/gcsfuse/v2/tools/build_gcsfuse/main.go:104.16,107.3 2 0
github.com/googlecloudplatform/gcsfuse/v2/tools/build_gcsfuse/main.go:110.2,111.21 2 1
github.com/googlecloudplatform/gcsfuse/v2/tools/build_gcsfuse/main.go:111.21,113.3 1 1
github.com/googlecloudplatform/gcsfuse/v2/tools/build_gcsfuse/main.go:116.2,130.31 2 1
github.com/googlecloudplatform/gcsfuse/v2/tools/build_gcsfuse/main.go:130.31,142.45 3 2
github.com/googlecloudplatform/gcsfuse/v2/tools/build_gcsfuse/main.go:142.45,149.4 2 1
github.com/googlecloudplatform/gcsfuse/v2/tools/build_gcsfuse/main.go:151.3,167.17 5 2
github.com/googlecloudplatform/gcsfuse/v2/tools/build_gcsfuse/main.go:167.17,169.77 2 0
github.com/googlecloudplatform/gcsfuse/v2/tools/build_gcsfuse/main.go:169.77,171.5 1 0
github.com/googlecloudplatform/gcsfuse/v2/tools/build_gcsfuse/main.go:172.4,172.10 1 0
github.com/googlecloudplatform/gcsfuse/v2/tools/build_gcsfuse/main.go:180.2,180.21 1 1
github.com/googlecloudplatform/gcsfuse/v2/tools/build_gcsfuse/main.go:180.21,182.17 2 1
github.com/googlecloudplatform/gcsfuse/v2/tools/build_gcsfuse/main.go:182.17,185.4 2 0
github.com/googlecloudplatform/gcsfuse/v2/tools/build_gcsfuse/main.go:188.2,188.8 1 1
github.com/googlecloudplatform/gcsfuse/v2/tools/build_gcsfuse/main.go:191.24,194.19 2 0
github.com/googlecloudplatform/gcsfuse/v2/tools/build_gcsfuse/main.go:194.19,197.3 2 0
github.com/googlecloudplatform/gcsfuse/v2/tools/build_gcsfuse/main.go:199.2,206.16 6 0
github.com/googlecloudplatform/gcsfuse/v2/tools/build_gcsfuse/main.go:206.16,209.3 2 0
github.com/googlecloudplatform/gcsfuse/v2/tools/build_gcsfuse/main.go:211.2,211.8 1 0
github.com/googlecloudplatform/gcsfuse/v2/tools/build_gcsfuse/main.go:214.13,219.16 4 0
github.com/googlecloudplatform/gcsfuse/v2/tools/build_gcsfuse/main.go:219.16,222.3 2 0
