mode: set
/usr/local/google/home/tulsishah/gcsfuse/internal/gcsx/file_cache_reader.go:62.178,70.2 1 1
/usr/local/google/home/tulsishah/gcsfuse/internal/gcsx/file_cache_reader.go:88.116,89.32 1 1
/usr/local/google/home/tulsishah/gcsfuse/internal/gcsx/file_cache_reader.go:89.32,91.3 1 1
/usr/local/google/home/tulsishah/gcsfuse/internal/gcsx/file_cache_reader.go:94.2,97.63 3 1
/usr/local/google/home/tulsishah/gcsfuse/internal/gcsx/file_cache_reader.go:97.63,99.3 1 0
/usr/local/google/home/tulsishah/gcsfuse/internal/gcsx/file_cache_reader.go:100.2,108.15 7 1
/usr/local/google/home/tulsishah/gcsfuse/internal/gcsx/file_cache_reader.go:108.15,111.17 3 1
/usr/local/google/home/tulsishah/gcsfuse/internal/gcsx/file_cache_reader.go:111.17,113.4 1 1
/usr/local/google/home/tulsishah/gcsfuse/internal/gcsx/file_cache_reader.go:113.9,114.33 1 1
/usr/local/google/home/tulsishah/gcsfuse/internal/gcsx/file_cache_reader.go:114.33,116.5 1 1
/usr/local/google/home/tulsishah/gcsfuse/internal/gcsx/file_cache_reader.go:117.4,117.107 1 1
/usr/local/google/home/tulsishah/gcsfuse/internal/gcsx/file_cache_reader.go:120.3,123.19 3 1
/usr/local/google/home/tulsishah/gcsfuse/internal/gcsx/file_cache_reader.go:123.19,125.4 1 1
/usr/local/google/home/tulsishah/gcsfuse/internal/gcsx/file_cache_reader.go:126.3,126.94 1 1
/usr/local/google/home/tulsishah/gcsfuse/internal/gcsx/file_cache_reader.go:130.2,130.31 1 1
/usr/local/google/home/tulsishah/gcsfuse/internal/gcsx/file_cache_reader.go:130.31,132.17 2 1
/usr/local/google/home/tulsishah/gcsfuse/internal/gcsx/file_cache_reader.go:132.17,133.11 1 1
/usr/local/google/home/tulsishah/gcsfuse/internal/gcsx/file_cache_reader.go:134.49,136.25 2 1
/usr/local/google/home/tulsishah/gcsfuse/internal/gcsx/file_cache_reader.go:137.74,141.25 2 1
/usr/local/google/home/tulsishah/gcsfuse/internal/gcsx/file_cache_reader.go:142.12,143.91 1 1
/usr/local/google/home/tulsishah/gcsfuse/internal/gcsx/file_cache_reader.go:148.2,149.16 2 1
/usr/local/google/home/tulsishah/gcsfuse/internal/gcsx/file_cache_reader.go:149.16,151.3 1 1
/usr/local/google/home/tulsishah/gcsfuse/internal/gcsx/file_cache_reader.go:153.2,156.41 3 1
/usr/local/google/home/tulsishah/gcsfuse/internal/gcsx/file_cache_reader.go:156.41,159.22 3 1
/usr/local/google/home/tulsishah/gcsfuse/internal/gcsx/file_cache_reader.go:159.22,161.4 1 0
/usr/local/google/home/tulsishah/gcsfuse/internal/gcsx/file_cache_reader.go:162.3,162.27 1 1
/usr/local/google/home/tulsishah/gcsfuse/internal/gcsx/file_cache_reader.go:163.8,163.56 1 1
/usr/local/google/home/tulsishah/gcsfuse/internal/gcsx/file_cache_reader.go:163.56,165.3 1 1
/usr/local/google/home/tulsishah/gcsfuse/internal/gcsx/file_cache_reader.go:166.2,168.22 2 1
/usr/local/google/home/tulsishah/gcsfuse/internal/gcsx/file_cache_reader.go:171.104,178.37 3 1
/usr/local/google/home/tulsishah/gcsfuse/internal/gcsx/file_cache_reader.go:178.37,181.3 2 1
/usr/local/google/home/tulsishah/gcsfuse/internal/gcsx/file_cache_reader.go:187.2,188.16 2 1
/usr/local/google/home/tulsishah/gcsfuse/internal/gcsx/file_cache_reader.go:188.16,191.3 2 1
/usr/local/google/home/tulsishah/gcsfuse/internal/gcsx/file_cache_reader.go:193.2,193.115 1 1
/usr/local/google/home/tulsishah/gcsfuse/internal/gcsx/file_cache_reader.go:193.115,196.3 2 1
/usr/local/google/home/tulsishah/gcsfuse/internal/gcsx/file_cache_reader.go:199.2,200.28 2 1
/usr/local/google/home/tulsishah/gcsfuse/internal/gcsx/file_cache_reader.go:203.162,211.2 3 1
