mode: set
/usr/local/google/home/tulsishah/gcsfuse/internal/gcsx/client_readers/range_reader.go:53.110,61.2 1 1
/usr/local/google/home/tulsishah/gcsfuse/internal/gcsx/client_readers/range_reader.go:63.42,65.46 1 1
/usr/local/google/home/tulsishah/gcsfuse/internal/gcsx/client_readers/range_reader.go:65.46,66.80 1 1
/usr/local/google/home/tulsishah/gcsfuse/internal/gcsx/client_readers/range_reader.go:70.2,70.29 1 1
/usr/local/google/home/tulsishah/gcsfuse/internal/gcsx/client_readers/range_reader.go:70.29,71.71 1 1
/usr/local/google/home/tulsishah/gcsfuse/internal/gcsx/client_readers/range_reader.go:75.2,75.38 1 1
/usr/local/google/home/tulsishah/gcsfuse/internal/gcsx/client_readers/range_reader.go:75.38,76.77 1 1
/usr/local/google/home/tulsishah/gcsfuse/internal/gcsx/client_readers/range_reader.go:80.34,82.22 1 1
/usr/local/google/home/tulsishah/gcsfuse/internal/gcsx/client_readers/range_reader.go:82.22,86.3 3 1
/usr/local/google/home/tulsishah/gcsfuse/internal/gcsx/client_readers/range_reader.go:90.38,93.16 3 1
/usr/local/google/home/tulsishah/gcsfuse/internal/gcsx/client_readers/range_reader.go:93.16,95.3 1 0
/usr/local/google/home/tulsishah/gcsfuse/internal/gcsx/client_readers/range_reader.go:98.109,108.2 4 1
/usr/local/google/home/tulsishah/gcsfuse/internal/gcsx/client_readers/range_reader.go:112.130,115.22 2 1
/usr/local/google/home/tulsishah/gcsfuse/internal/gcsx/client_readers/range_reader.go:115.22,117.17 2 1
/usr/local/google/home/tulsishah/gcsfuse/internal/gcsx/client_readers/range_reader.go:117.17,120.4 2 1
/usr/local/google/home/tulsishah/gcsfuse/internal/gcsx/client_readers/range_reader.go:123.2,130.25 4 1
/usr/local/google/home/tulsishah/gcsfuse/internal/gcsx/client_readers/range_reader.go:130.25,141.3 7 0
/usr/local/google/home/tulsishah/gcsfuse/internal/gcsx/client_readers/range_reader.go:144.2,144.26 1 1
/usr/local/google/home/tulsishah/gcsfuse/internal/gcsx/client_readers/range_reader.go:144.26,148.3 3 1
/usr/local/google/home/tulsishah/gcsfuse/internal/gcsx/client_readers/range_reader.go:151.2,151.9 1 1
/usr/local/google/home/tulsishah/gcsfuse/internal/gcsx/client_readers/range_reader.go:152.69,156.23 1 1
/usr/local/google/home/tulsishah/gcsfuse/internal/gcsx/client_readers/range_reader.go:156.23,159.4 2 1
/usr/local/google/home/tulsishah/gcsfuse/internal/gcsx/client_readers/range_reader.go:161.3,161.12 1 0
/usr/local/google/home/tulsishah/gcsfuse/internal/gcsx/client_readers/range_reader.go:163.18,166.16 2 1
/usr/local/google/home/tulsishah/gcsfuse/internal/gcsx/client_readers/range_reader.go:169.2,172.15 3 1
/usr/local/google/home/tulsishah/gcsfuse/internal/gcsx/client_readers/range_reader.go:178.77,186.12 3 1
/usr/local/google/home/tulsishah/gcsfuse/internal/gcsx/client_readers/range_reader.go:186.12,187.10 1 1
/usr/local/google/home/tulsishah/gcsfuse/internal/gcsx/client_readers/range_reader.go:188.19,189.10 1 1
/usr/local/google/home/tulsishah/gcsfuse/internal/gcsx/client_readers/range_reader.go:191.21,192.11 1 0
/usr/local/google/home/tulsishah/gcsfuse/internal/gcsx/client_readers/range_reader.go:193.20,194.11 1 0
/usr/local/google/home/tulsishah/gcsfuse/internal/gcsx/client_readers/range_reader.go:196.12,197.16 1 0
/usr/local/google/home/tulsishah/gcsfuse/internal/gcsx/client_readers/range_reader.go:202.2,202.34 1 1
/usr/local/google/home/tulsishah/gcsfuse/internal/gcsx/client_readers/range_reader.go:208.85,230.36 5 1
/usr/local/google/home/tulsishah/gcsfuse/internal/gcsx/client_readers/range_reader.go:230.36,235.3 2 1
/usr/local/google/home/tulsishah/gcsfuse/internal/gcsx/client_readers/range_reader.go:237.2,237.16 1 1
/usr/local/google/home/tulsishah/gcsfuse/internal/gcsx/client_readers/range_reader.go:237.16,240.3 2 1
/usr/local/google/home/tulsishah/gcsfuse/internal/gcsx/client_readers/range_reader.go:242.2,250.12 7 1
