mode: set
github.com/googlecloudplatform/gcsfuse/v2/internal/gcsx/client_readers/range_reader.go:67.110,75.2 1 1
github.com/googlecloudplatform/gcsfuse/v2/internal/gcsx/client_readers/range_reader.go:77.42,79.46 1 1
github.com/googlecloudplatform/gcsfuse/v2/internal/gcsx/client_readers/range_reader.go:79.46,80.80 1 1
github.com/googlecloudplatform/gcsfuse/v2/internal/gcsx/client_readers/range_reader.go:84.2,84.29 1 1
github.com/googlecloudplatform/gcsfuse/v2/internal/gcsx/client_readers/range_reader.go:84.29,85.71 1 1
github.com/googlecloudplatform/gcsfuse/v2/internal/gcsx/client_readers/range_reader.go:89.2,89.38 1 1
github.com/googlecloudplatform/gcsfuse/v2/internal/gcsx/client_readers/range_reader.go:89.38,90.77 1 1
github.com/googlecloudplatform/gcsfuse/v2/internal/gcsx/client_readers/range_reader.go:94.34,96.22 1 1
github.com/googlecloudplatform/gcsfuse/v2/internal/gcsx/client_readers/range_reader.go:96.22,100.3 3 1
github.com/googlecloudplatform/gcsfuse/v2/internal/gcsx/client_readers/range_reader.go:104.38,107.16 3 1
github.com/googlecloudplatform/gcsfuse/v2/internal/gcsx/client_readers/range_reader.go:107.16,109.3 1 0
github.com/googlecloudplatform/gcsfuse/v2/internal/gcsx/client_readers/range_reader.go:112.109,122.2 4 1
github.com/googlecloudplatform/gcsfuse/v2/internal/gcsx/client_readers/range_reader.go:127.130,130.22 2 1
github.com/googlecloudplatform/gcsfuse/v2/internal/gcsx/client_readers/range_reader.go:130.22,132.17 2 1
github.com/googlecloudplatform/gcsfuse/v2/internal/gcsx/client_readers/range_reader.go:132.17,135.4 2 1
github.com/googlecloudplatform/gcsfuse/v2/internal/gcsx/client_readers/range_reader.go:138.2,143.25 4 1
github.com/googlecloudplatform/gcsfuse/v2/internal/gcsx/client_readers/range_reader.go:143.25,154.3 7 0
github.com/googlecloudplatform/gcsfuse/v2/internal/gcsx/client_readers/range_reader.go:157.2,157.26 1 1
github.com/googlecloudplatform/gcsfuse/v2/internal/gcsx/client_readers/range_reader.go:157.26,161.3 3 1
github.com/googlecloudplatform/gcsfuse/v2/internal/gcsx/client_readers/range_reader.go:164.2,164.9 1 1
github.com/googlecloudplatform/gcsfuse/v2/internal/gcsx/client_readers/range_reader.go:165.69,169.23 1 1
github.com/googlecloudplatform/gcsfuse/v2/internal/gcsx/client_readers/range_reader.go:169.23,172.4 2 1
github.com/googlecloudplatform/gcsfuse/v2/internal/gcsx/client_readers/range_reader.go:174.3,174.12 1 0
github.com/googlecloudplatform/gcsfuse/v2/internal/gcsx/client_readers/range_reader.go:176.18,179.16 2 1
github.com/googlecloudplatform/gcsfuse/v2/internal/gcsx/client_readers/range_reader.go:182.2,185.15 3 1
github.com/googlecloudplatform/gcsfuse/v2/internal/gcsx/client_readers/range_reader.go:191.77,199.12 3 1
github.com/googlecloudplatform/gcsfuse/v2/internal/gcsx/client_readers/range_reader.go:199.12,200.10 1 1
github.com/googlecloudplatform/gcsfuse/v2/internal/gcsx/client_readers/range_reader.go:201.19,202.10 1 1
github.com/googlecloudplatform/gcsfuse/v2/internal/gcsx/client_readers/range_reader.go:204.21,205.11 1 0
github.com/googlecloudplatform/gcsfuse/v2/internal/gcsx/client_readers/range_reader.go:206.20,207.11 1 0
github.com/googlecloudplatform/gcsfuse/v2/internal/gcsx/client_readers/range_reader.go:209.12,210.16 1 0
github.com/googlecloudplatform/gcsfuse/v2/internal/gcsx/client_readers/range_reader.go:215.2,215.34 1 1
github.com/googlecloudplatform/gcsfuse/v2/internal/gcsx/client_readers/range_reader.go:221.85,243.36 5 1
github.com/googlecloudplatform/gcsfuse/v2/internal/gcsx/client_readers/range_reader.go:243.36,248.3 2 1
github.com/googlecloudplatform/gcsfuse/v2/internal/gcsx/client_readers/range_reader.go:250.2,250.16 1 1
github.com/googlecloudplatform/gcsfuse/v2/internal/gcsx/client_readers/range_reader.go:250.16,253.3 2 1
github.com/googlecloudplatform/gcsfuse/v2/internal/gcsx/client_readers/range_reader.go:255.2,263.12 7 1
github.com/googlecloudplatform/gcsfuse/v2/internal/gcsx/client_readers/range_reader.go:269.48,276.76 1 1
github.com/googlecloudplatform/gcsfuse/v2/internal/gcsx/client_readers/range_reader.go:276.76,280.56 3 1
github.com/googlecloudplatform/gcsfuse/v2/internal/gcsx/client_readers/range_reader.go:280.56,282.4 1 0
github.com/googlecloudplatform/gcsfuse/v2/internal/gcsx/client_readers/range_reader.go:283.3,283.29 1 1
github.com/googlecloudplatform/gcsfuse/v2/internal/gcsx/client_readers/range_reader.go:287.92,294.78 3 1
github.com/googlecloudplatform/gcsfuse/v2/internal/gcsx/client_readers/range_reader.go:294.78,297.25 3 1
github.com/googlecloudplatform/gcsfuse/v2/internal/gcsx/client_readers/range_reader.go:297.25,302.4 1 1
github.com/googlecloudplatform/gcsfuse/v2/internal/gcsx/client_readers/range_reader.go:304.2,304.14 1 1
